ARM GAS  C:\Users\User\AppData\Local\Temp\ccJ4yBVr.s 			page 1


   1              		.syntax unified
   2              		.cpu cortex-m3
   3              		.fpu softvfp
   4              		.eabi_attribute 20, 1
   5              		.eabi_attribute 21, 1
   6              		.eabi_attribute 23, 3
   7              		.eabi_attribute 24, 1
   8              		.eabi_attribute 25, 1
   9              		.eabi_attribute 26, 1
  10              		.eabi_attribute 30, 1
  11              		.eabi_attribute 34, 1
  12              		.eabi_attribute 18, 4
  13              		.thumb
  14              		.syntax unified
  15              		.file	"InterruptRoutines.c"
  16              		.text
  17              	.Ltext0:
  18              		.cfi_sections	.debug_frame
  19              		.section	.text.Custom_isr_MultiRead,"ax",%progbits
  20              		.align	2
  21              		.global	Custom_isr_MultiRead
  22              		.thumb
  23              		.thumb_func
  24              		.type	Custom_isr_MultiRead, %function
  25              	Custom_isr_MultiRead:
  26              	.LFB64:
  27              		.file 1 "InterruptRoutines.c"
   1:InterruptRoutines.c **** /* ========================================
   2:InterruptRoutines.c ****  *
   3:InterruptRoutines.c ****  * Copyright YOUR COMPANY, THE YEAR
   4:InterruptRoutines.c ****  * All Rights Reserved
   5:InterruptRoutines.c ****  * UNPUBLISHED, LICENSED SOFTWARE.
   6:InterruptRoutines.c ****  *
   7:InterruptRoutines.c ****  * CONFIDENTIAL AND PROPRIETARY INFORMATION
   8:InterruptRoutines.c ****  * WHICH IS THE PROPERTY OF your company.
   9:InterruptRoutines.c ****  *
  10:InterruptRoutines.c ****  * ========================================
  11:InterruptRoutines.c **** */
  12:InterruptRoutines.c **** #include "InterruptRoutines.h"
  13:InterruptRoutines.c **** #include "project.h"
  14:InterruptRoutines.c **** #include "I2C_Interface.h"
  15:InterruptRoutines.c **** #include "stdio.h"
  16:InterruptRoutines.c **** 
  17:InterruptRoutines.c **** uint8_t status_register;
  18:InterruptRoutines.c **** 
  19:InterruptRoutines.c **** CY_ISR(Custom_isr_MultiRead)
  20:InterruptRoutines.c **** {
  28              		.loc 1 20 0
  29              		.cfi_startproc
  30              		@ args = 0, pretend = 0, frame = 0
  31              		@ frame_needed = 0, uses_anonymous_args = 0
  32 0000 08B5     		push	{r3, lr}
  33              		.cfi_def_cfa_offset 8
  34              		.cfi_offset 3, -8
  35              		.cfi_offset 14, -4
  21:InterruptRoutines.c ****     //read Timer status register to lower the isr line
  22:InterruptRoutines.c ****     Timer_MultiRead_ReadStatusRegister();   
ARM GAS  C:\Users\User\AppData\Local\Temp\ccJ4yBVr.s 			page 2


  36              		.loc 1 22 0
  37 0002 FFF7FEFF 		bl	Timer_MultiRead_ReadStatusRegister
  38              	.LVL0:
  23:InterruptRoutines.c ****     //flag that starts the multiread of the 3 axis values in the main 
  24:InterruptRoutines.c ****     ReadPacketFlag=1;
  39              		.loc 1 24 0
  40 0006 0122     		movs	r2, #1
  41 0008 014B     		ldr	r3, .L3
  42 000a 1A70     		strb	r2, [r3]
  43 000c 08BD     		pop	{r3, pc}
  44              	.L4:
  45 000e 00BF     		.align	2
  46              	.L3:
  47 0010 00000000 		.word	ReadPacketFlag
  48              		.cfi_endproc
  49              	.LFE64:
  50              		.size	Custom_isr_MultiRead, .-Custom_isr_MultiRead
  51              		.comm	status_register,1,1
  52              		.comm	OutAxis,2,2
  53              		.comm	DataBuffer,8,4
  54              		.comm	AxisData,6,4
  55              		.comm	ReadPacketFlag,1,1
  56              		.text
  57              	.Letext0:
  58              		.file 2 "c:\\program files (x86)\\cypress\\psoc creator\\4.3\\psoc creator\\import\\gnu\\arm\\5.4.
  59              		.file 3 "c:\\program files (x86)\\cypress\\psoc creator\\4.3\\psoc creator\\import\\gnu\\arm\\5.4.
  60              		.file 4 "Generated_Source\\PSoC5/cytypes.h"
  61              		.file 5 "Generated_Source\\PSoC5/core_cm3.h"
  62              		.file 6 "InterruptRoutines.h"
  63              		.file 7 "Generated_Source\\PSoC5/Timer_MultiRead.h"
  64              		.section	.debug_info,"",%progbits
  65              	.Ldebug_info0:
  66 0000 8E010000 		.4byte	0x18e
  67 0004 0400     		.2byte	0x4
  68 0006 00000000 		.4byte	.Ldebug_abbrev0
  69 000a 04       		.byte	0x4
  70 000b 01       		.uleb128 0x1
  71 000c 49000000 		.4byte	.LASF27
  72 0010 0C       		.byte	0xc
  73 0011 48020000 		.4byte	.LASF28
  74 0015 1F010000 		.4byte	.LASF29
  75 0019 00000000 		.4byte	.Ldebug_ranges0+0
  76 001d 00000000 		.4byte	0
  77 0021 00000000 		.4byte	.Ldebug_line0
  78 0025 02       		.uleb128 0x2
  79 0026 01       		.byte	0x1
  80 0027 06       		.byte	0x6
  81 0028 33020000 		.4byte	.LASF0
  82 002c 03       		.uleb128 0x3
  83 002d 00000000 		.4byte	.LASF2
  84 0031 02       		.byte	0x2
  85 0032 1D       		.byte	0x1d
  86 0033 37000000 		.4byte	0x37
  87 0037 02       		.uleb128 0x2
  88 0038 01       		.byte	0x1
  89 0039 08       		.byte	0x8
  90 003a 3B000000 		.4byte	.LASF1
ARM GAS  C:\Users\User\AppData\Local\Temp\ccJ4yBVr.s 			page 3


  91 003e 03       		.uleb128 0x3
  92 003f 0A000000 		.4byte	.LASF3
  93 0043 02       		.byte	0x2
  94 0044 29       		.byte	0x29
  95 0045 49000000 		.4byte	0x49
  96 0049 02       		.uleb128 0x2
  97 004a 02       		.byte	0x2
  98 004b 05       		.byte	0x5
  99 004c EE010000 		.4byte	.LASF4
 100 0050 02       		.uleb128 0x2
 101 0051 02       		.byte	0x2
 102 0052 07       		.byte	0x7
 103 0053 0C010000 		.4byte	.LASF5
 104 0057 03       		.uleb128 0x3
 105 0058 1C000000 		.4byte	.LASF6
 106 005c 02       		.byte	0x2
 107 005d 3F       		.byte	0x3f
 108 005e 62000000 		.4byte	0x62
 109 0062 02       		.uleb128 0x2
 110 0063 04       		.byte	0x4
 111 0064 05       		.byte	0x5
 112 0065 13020000 		.4byte	.LASF7
 113 0069 02       		.uleb128 0x2
 114 006a 04       		.byte	0x4
 115 006b 07       		.byte	0x7
 116 006c FA000000 		.4byte	.LASF8
 117 0070 02       		.uleb128 0x2
 118 0071 08       		.byte	0x8
 119 0072 05       		.byte	0x5
 120 0073 DB010000 		.4byte	.LASF9
 121 0077 02       		.uleb128 0x2
 122 0078 08       		.byte	0x8
 123 0079 07       		.byte	0x7
 124 007a A3010000 		.4byte	.LASF10
 125 007e 04       		.uleb128 0x4
 126 007f 04       		.byte	0x4
 127 0080 05       		.byte	0x5
 128 0081 696E7400 		.ascii	"int\000"
 129 0085 02       		.uleb128 0x2
 130 0086 04       		.byte	0x4
 131 0087 07       		.byte	0x7
 132 0088 96010000 		.4byte	.LASF11
 133 008c 03       		.uleb128 0x3
 134 008d BA010000 		.4byte	.LASF12
 135 0091 03       		.byte	0x3
 136 0092 18       		.byte	0x18
 137 0093 2C000000 		.4byte	0x2c
 138 0097 03       		.uleb128 0x3
 139 0098 C2010000 		.4byte	.LASF13
 140 009c 03       		.byte	0x3
 141 009d 20       		.byte	0x20
 142 009e 3E000000 		.4byte	0x3e
 143 00a2 03       		.uleb128 0x3
 144 00a3 CA010000 		.4byte	.LASF14
 145 00a7 03       		.byte	0x3
 146 00a8 2C       		.byte	0x2c
 147 00a9 57000000 		.4byte	0x57
ARM GAS  C:\Users\User\AppData\Local\Temp\ccJ4yBVr.s 			page 4


 148 00ad 05       		.uleb128 0x5
 149 00ae 0D020000 		.4byte	.LASF15
 150 00b2 04       		.byte	0x4
 151 00b3 E401     		.2byte	0x1e4
 152 00b5 37000000 		.4byte	0x37
 153 00b9 02       		.uleb128 0x2
 154 00ba 04       		.byte	0x4
 155 00bb 04       		.byte	0x4
 156 00bc 35000000 		.4byte	.LASF16
 157 00c0 02       		.uleb128 0x2
 158 00c1 08       		.byte	0x8
 159 00c2 04       		.byte	0x4
 160 00c3 7F010000 		.4byte	.LASF17
 161 00c7 02       		.uleb128 0x2
 162 00c8 01       		.byte	0x1
 163 00c9 08       		.byte	0x8
 164 00ca E9010000 		.4byte	.LASF18
 165 00ce 06       		.uleb128 0x6
 166 00cf AD000000 		.4byte	0xad
 167 00d3 02       		.uleb128 0x2
 168 00d4 08       		.byte	0x8
 169 00d5 04       		.byte	0x4
 170 00d6 27020000 		.4byte	.LASF19
 171 00da 02       		.uleb128 0x2
 172 00db 04       		.byte	0x4
 173 00dc 07       		.byte	0x7
 174 00dd D2010000 		.4byte	.LASF20
 175 00e1 07       		.uleb128 0x7
 176 00e2 F8010000 		.4byte	.LASF30
 177 00e6 01       		.byte	0x1
 178 00e7 13       		.byte	0x13
 179 00e8 00000000 		.4byte	.LFB64
 180 00ec 14000000 		.4byte	.LFE64-.LFB64
 181 00f0 01       		.uleb128 0x1
 182 00f1 9C       		.byte	0x9c
 183 00f2 00010000 		.4byte	0x100
 184 00f6 08       		.uleb128 0x8
 185 00f7 06000000 		.4byte	.LVL0
 186 00fb 86010000 		.4byte	0x186
 187 00ff 00       		.byte	0
 188 0100 09       		.uleb128 0x9
 189 0101 72010000 		.4byte	.LASF21
 190 0105 05       		.byte	0x5
 191 0106 1207     		.2byte	0x712
 192 0108 0C010000 		.4byte	0x10c
 193 010c 06       		.uleb128 0x6
 194 010d A2000000 		.4byte	0xa2
 195 0111 0A       		.uleb128 0xa
 196 0112 26000000 		.4byte	.LASF22
 197 0116 06       		.byte	0x6
 198 0117 1B       		.byte	0x1b
 199 0118 CE000000 		.4byte	0xce
 200 011c 05       		.uleb128 0x5
 201 011d 03       		.byte	0x3
 202 011e 00000000 		.4byte	ReadPacketFlag
 203 0122 0B       		.uleb128 0xb
 204 0123 8C000000 		.4byte	0x8c
ARM GAS  C:\Users\User\AppData\Local\Temp\ccJ4yBVr.s 			page 5


 205 0127 32010000 		.4byte	0x132
 206 012b 0C       		.uleb128 0xc
 207 012c DA000000 		.4byte	0xda
 208 0130 05       		.byte	0x5
 209 0131 00       		.byte	0
 210 0132 0A       		.uleb128 0xa
 211 0133 3F020000 		.4byte	.LASF23
 212 0137 06       		.byte	0x6
 213 0138 1C       		.byte	0x1c
 214 0139 22010000 		.4byte	0x122
 215 013d 05       		.uleb128 0x5
 216 013e 03       		.byte	0x3
 217 013f 00000000 		.4byte	AxisData
 218 0143 0B       		.uleb128 0xb
 219 0144 8C000000 		.4byte	0x8c
 220 0148 53010000 		.4byte	0x153
 221 014c 0C       		.uleb128 0xc
 222 014d DA000000 		.4byte	0xda
 223 0151 07       		.byte	0x7
 224 0152 00       		.byte	0
 225 0153 0A       		.uleb128 0xa
 226 0154 1C020000 		.4byte	.LASF24
 227 0158 06       		.byte	0x6
 228 0159 1D       		.byte	0x1d
 229 015a 43010000 		.4byte	0x143
 230 015e 05       		.uleb128 0x5
 231 015f 03       		.byte	0x3
 232 0160 00000000 		.4byte	DataBuffer
 233 0164 0A       		.uleb128 0xa
 234 0165 14000000 		.4byte	.LASF25
 235 0169 06       		.byte	0x6
 236 016a 1E       		.byte	0x1e
 237 016b 97000000 		.4byte	0x97
 238 016f 05       		.uleb128 0x5
 239 0170 03       		.byte	0x3
 240 0171 00000000 		.4byte	OutAxis
 241 0175 0A       		.uleb128 0xa
 242 0176 86010000 		.4byte	.LASF26
 243 017a 01       		.byte	0x1
 244 017b 11       		.byte	0x11
 245 017c 8C000000 		.4byte	0x8c
 246 0180 05       		.uleb128 0x5
 247 0181 03       		.byte	0x3
 248 0182 00000000 		.4byte	status_register
 249 0186 0D       		.uleb128 0xd
 250 0187 D7000000 		.4byte	.LASF31
 251 018b D7000000 		.4byte	.LASF31
 252 018f 07       		.byte	0x7
 253 0190 5E       		.byte	0x5e
 254 0191 00       		.byte	0
 255              		.section	.debug_abbrev,"",%progbits
 256              	.Ldebug_abbrev0:
 257 0000 01       		.uleb128 0x1
 258 0001 11       		.uleb128 0x11
 259 0002 01       		.byte	0x1
 260 0003 25       		.uleb128 0x25
 261 0004 0E       		.uleb128 0xe
ARM GAS  C:\Users\User\AppData\Local\Temp\ccJ4yBVr.s 			page 6


 262 0005 13       		.uleb128 0x13
 263 0006 0B       		.uleb128 0xb
 264 0007 03       		.uleb128 0x3
 265 0008 0E       		.uleb128 0xe
 266 0009 1B       		.uleb128 0x1b
 267 000a 0E       		.uleb128 0xe
 268 000b 55       		.uleb128 0x55
 269 000c 17       		.uleb128 0x17
 270 000d 11       		.uleb128 0x11
 271 000e 01       		.uleb128 0x1
 272 000f 10       		.uleb128 0x10
 273 0010 17       		.uleb128 0x17
 274 0011 00       		.byte	0
 275 0012 00       		.byte	0
 276 0013 02       		.uleb128 0x2
 277 0014 24       		.uleb128 0x24
 278 0015 00       		.byte	0
 279 0016 0B       		.uleb128 0xb
 280 0017 0B       		.uleb128 0xb
 281 0018 3E       		.uleb128 0x3e
 282 0019 0B       		.uleb128 0xb
 283 001a 03       		.uleb128 0x3
 284 001b 0E       		.uleb128 0xe
 285 001c 00       		.byte	0
 286 001d 00       		.byte	0
 287 001e 03       		.uleb128 0x3
 288 001f 16       		.uleb128 0x16
 289 0020 00       		.byte	0
 290 0021 03       		.uleb128 0x3
 291 0022 0E       		.uleb128 0xe
 292 0023 3A       		.uleb128 0x3a
 293 0024 0B       		.uleb128 0xb
 294 0025 3B       		.uleb128 0x3b
 295 0026 0B       		.uleb128 0xb
 296 0027 49       		.uleb128 0x49
 297 0028 13       		.uleb128 0x13
 298 0029 00       		.byte	0
 299 002a 00       		.byte	0
 300 002b 04       		.uleb128 0x4
 301 002c 24       		.uleb128 0x24
 302 002d 00       		.byte	0
 303 002e 0B       		.uleb128 0xb
 304 002f 0B       		.uleb128 0xb
 305 0030 3E       		.uleb128 0x3e
 306 0031 0B       		.uleb128 0xb
 307 0032 03       		.uleb128 0x3
 308 0033 08       		.uleb128 0x8
 309 0034 00       		.byte	0
 310 0035 00       		.byte	0
 311 0036 05       		.uleb128 0x5
 312 0037 16       		.uleb128 0x16
 313 0038 00       		.byte	0
 314 0039 03       		.uleb128 0x3
 315 003a 0E       		.uleb128 0xe
 316 003b 3A       		.uleb128 0x3a
 317 003c 0B       		.uleb128 0xb
 318 003d 3B       		.uleb128 0x3b
ARM GAS  C:\Users\User\AppData\Local\Temp\ccJ4yBVr.s 			page 7


 319 003e 05       		.uleb128 0x5
 320 003f 49       		.uleb128 0x49
 321 0040 13       		.uleb128 0x13
 322 0041 00       		.byte	0
 323 0042 00       		.byte	0
 324 0043 06       		.uleb128 0x6
 325 0044 35       		.uleb128 0x35
 326 0045 00       		.byte	0
 327 0046 49       		.uleb128 0x49
 328 0047 13       		.uleb128 0x13
 329 0048 00       		.byte	0
 330 0049 00       		.byte	0
 331 004a 07       		.uleb128 0x7
 332 004b 2E       		.uleb128 0x2e
 333 004c 01       		.byte	0x1
 334 004d 3F       		.uleb128 0x3f
 335 004e 19       		.uleb128 0x19
 336 004f 03       		.uleb128 0x3
 337 0050 0E       		.uleb128 0xe
 338 0051 3A       		.uleb128 0x3a
 339 0052 0B       		.uleb128 0xb
 340 0053 3B       		.uleb128 0x3b
 341 0054 0B       		.uleb128 0xb
 342 0055 27       		.uleb128 0x27
 343 0056 19       		.uleb128 0x19
 344 0057 11       		.uleb128 0x11
 345 0058 01       		.uleb128 0x1
 346 0059 12       		.uleb128 0x12
 347 005a 06       		.uleb128 0x6
 348 005b 40       		.uleb128 0x40
 349 005c 18       		.uleb128 0x18
 350 005d 9742     		.uleb128 0x2117
 351 005f 19       		.uleb128 0x19
 352 0060 01       		.uleb128 0x1
 353 0061 13       		.uleb128 0x13
 354 0062 00       		.byte	0
 355 0063 00       		.byte	0
 356 0064 08       		.uleb128 0x8
 357 0065 898201   		.uleb128 0x4109
 358 0068 00       		.byte	0
 359 0069 11       		.uleb128 0x11
 360 006a 01       		.uleb128 0x1
 361 006b 31       		.uleb128 0x31
 362 006c 13       		.uleb128 0x13
 363 006d 00       		.byte	0
 364 006e 00       		.byte	0
 365 006f 09       		.uleb128 0x9
 366 0070 34       		.uleb128 0x34
 367 0071 00       		.byte	0
 368 0072 03       		.uleb128 0x3
 369 0073 0E       		.uleb128 0xe
 370 0074 3A       		.uleb128 0x3a
 371 0075 0B       		.uleb128 0xb
 372 0076 3B       		.uleb128 0x3b
 373 0077 05       		.uleb128 0x5
 374 0078 49       		.uleb128 0x49
 375 0079 13       		.uleb128 0x13
ARM GAS  C:\Users\User\AppData\Local\Temp\ccJ4yBVr.s 			page 8


 376 007a 3F       		.uleb128 0x3f
 377 007b 19       		.uleb128 0x19
 378 007c 3C       		.uleb128 0x3c
 379 007d 19       		.uleb128 0x19
 380 007e 00       		.byte	0
 381 007f 00       		.byte	0
 382 0080 0A       		.uleb128 0xa
 383 0081 34       		.uleb128 0x34
 384 0082 00       		.byte	0
 385 0083 03       		.uleb128 0x3
 386 0084 0E       		.uleb128 0xe
 387 0085 3A       		.uleb128 0x3a
 388 0086 0B       		.uleb128 0xb
 389 0087 3B       		.uleb128 0x3b
 390 0088 0B       		.uleb128 0xb
 391 0089 49       		.uleb128 0x49
 392 008a 13       		.uleb128 0x13
 393 008b 3F       		.uleb128 0x3f
 394 008c 19       		.uleb128 0x19
 395 008d 02       		.uleb128 0x2
 396 008e 18       		.uleb128 0x18
 397 008f 00       		.byte	0
 398 0090 00       		.byte	0
 399 0091 0B       		.uleb128 0xb
 400 0092 01       		.uleb128 0x1
 401 0093 01       		.byte	0x1
 402 0094 49       		.uleb128 0x49
 403 0095 13       		.uleb128 0x13
 404 0096 01       		.uleb128 0x1
 405 0097 13       		.uleb128 0x13
 406 0098 00       		.byte	0
 407 0099 00       		.byte	0
 408 009a 0C       		.uleb128 0xc
 409 009b 21       		.uleb128 0x21
 410 009c 00       		.byte	0
 411 009d 49       		.uleb128 0x49
 412 009e 13       		.uleb128 0x13
 413 009f 2F       		.uleb128 0x2f
 414 00a0 0B       		.uleb128 0xb
 415 00a1 00       		.byte	0
 416 00a2 00       		.byte	0
 417 00a3 0D       		.uleb128 0xd
 418 00a4 2E       		.uleb128 0x2e
 419 00a5 00       		.byte	0
 420 00a6 3F       		.uleb128 0x3f
 421 00a7 19       		.uleb128 0x19
 422 00a8 3C       		.uleb128 0x3c
 423 00a9 19       		.uleb128 0x19
 424 00aa 6E       		.uleb128 0x6e
 425 00ab 0E       		.uleb128 0xe
 426 00ac 03       		.uleb128 0x3
 427 00ad 0E       		.uleb128 0xe
 428 00ae 3A       		.uleb128 0x3a
 429 00af 0B       		.uleb128 0xb
 430 00b0 3B       		.uleb128 0x3b
 431 00b1 0B       		.uleb128 0xb
 432 00b2 00       		.byte	0
ARM GAS  C:\Users\User\AppData\Local\Temp\ccJ4yBVr.s 			page 9


 433 00b3 00       		.byte	0
 434 00b4 00       		.byte	0
 435              		.section	.debug_aranges,"",%progbits
 436 0000 1C000000 		.4byte	0x1c
 437 0004 0200     		.2byte	0x2
 438 0006 00000000 		.4byte	.Ldebug_info0
 439 000a 04       		.byte	0x4
 440 000b 00       		.byte	0
 441 000c 0000     		.2byte	0
 442 000e 0000     		.2byte	0
 443 0010 00000000 		.4byte	.LFB64
 444 0014 14000000 		.4byte	.LFE64-.LFB64
 445 0018 00000000 		.4byte	0
 446 001c 00000000 		.4byte	0
 447              		.section	.debug_ranges,"",%progbits
 448              	.Ldebug_ranges0:
 449 0000 00000000 		.4byte	.LFB64
 450 0004 14000000 		.4byte	.LFE64
 451 0008 00000000 		.4byte	0
 452 000c 00000000 		.4byte	0
 453              		.section	.debug_line,"",%progbits
 454              	.Ldebug_line0:
 455 0000 9C010000 		.section	.debug_str,"MS",%progbits,1
 455      02008501 
 455      00000201 
 455      FB0E0D00 
 455      01010101 
 456              	.LASF2:
 457 0000 5F5F7569 		.ascii	"__uint8_t\000"
 457      6E74385F 
 457      7400
 458              	.LASF3:
 459 000a 5F5F696E 		.ascii	"__int16_t\000"
 459      7431365F 
 459      7400
 460              	.LASF25:
 461 0014 4F757441 		.ascii	"OutAxis\000"
 461      78697300 
 462              	.LASF6:
 463 001c 5F5F696E 		.ascii	"__int32_t\000"
 463      7433325F 
 463      7400
 464              	.LASF22:
 465 0026 52656164 		.ascii	"ReadPacketFlag\000"
 465      5061636B 
 465      6574466C 
 465      616700
 466              	.LASF16:
 467 0035 666C6F61 		.ascii	"float\000"
 467      7400
 468              	.LASF1:
 469 003b 756E7369 		.ascii	"unsigned char\000"
 469      676E6564 
 469      20636861 
 469      7200
 470              	.LASF27:
 471 0049 474E5520 		.ascii	"GNU C11 5.4.1 20160609 (release) [ARM/embedded-5-br"
ARM GAS  C:\Users\User\AppData\Local\Temp\ccJ4yBVr.s 			page 10


 471      43313120 
 471      352E342E 
 471      31203230 
 471      31363036 
 472 007c 616E6368 		.ascii	"anch revision 237715] -mcpu=cortex-m3 -mthumb -g -O"
 472      20726576 
 472      6973696F 
 472      6E203233 
 472      37373135 
 473 00af 67202D66 		.ascii	"g -ffunction-sections -ffat-lto-objects\000"
 473      66756E63 
 473      74696F6E 
 473      2D736563 
 473      74696F6E 
 474              	.LASF31:
 475 00d7 54696D65 		.ascii	"Timer_MultiRead_ReadStatusRegister\000"
 475      725F4D75 
 475      6C746952 
 475      6561645F 
 475      52656164 
 476              	.LASF8:
 477 00fa 6C6F6E67 		.ascii	"long unsigned int\000"
 477      20756E73 
 477      69676E65 
 477      6420696E 
 477      7400
 478              	.LASF5:
 479 010c 73686F72 		.ascii	"short unsigned int\000"
 479      7420756E 
 479      7369676E 
 479      65642069 
 479      6E7400
 480              	.LASF29:
 481 011f 433A5C55 		.ascii	"C:\\Users\\User\\Desktop\\AY1920_II_HW_05_FASANI_FE"
 481      73657273 
 481      5C557365 
 481      725C4465 
 481      736B746F 
 482 014e 44455249 		.ascii	"DERICA\\AY1920_II_HW_05_PROJ_2.cydsn\000"
 482      43415C41 
 482      59313932 
 482      305F4949 
 482      5F48575F 
 483              	.LASF21:
 484 0172 49544D5F 		.ascii	"ITM_RxBuffer\000"
 484      52784275 
 484      66666572 
 484      00
 485              	.LASF17:
 486 017f 646F7562 		.ascii	"double\000"
 486      6C6500
 487              	.LASF26:
 488 0186 73746174 		.ascii	"status_register\000"
 488      75735F72 
 488      65676973 
 488      74657200 
 489              	.LASF11:
ARM GAS  C:\Users\User\AppData\Local\Temp\ccJ4yBVr.s 			page 11


 490 0196 756E7369 		.ascii	"unsigned int\000"
 490      676E6564 
 490      20696E74 
 490      00
 491              	.LASF10:
 492 01a3 6C6F6E67 		.ascii	"long long unsigned int\000"
 492      206C6F6E 
 492      6720756E 
 492      7369676E 
 492      65642069 
 493              	.LASF12:
 494 01ba 75696E74 		.ascii	"uint8_t\000"
 494      385F7400 
 495              	.LASF13:
 496 01c2 696E7431 		.ascii	"int16_t\000"
 496      365F7400 
 497              	.LASF14:
 498 01ca 696E7433 		.ascii	"int32_t\000"
 498      325F7400 
 499              	.LASF20:
 500 01d2 73697A65 		.ascii	"sizetype\000"
 500      74797065 
 500      00
 501              	.LASF9:
 502 01db 6C6F6E67 		.ascii	"long long int\000"
 502      206C6F6E 
 502      6720696E 
 502      7400
 503              	.LASF18:
 504 01e9 63686172 		.ascii	"char\000"
 504      00
 505              	.LASF4:
 506 01ee 73686F72 		.ascii	"short int\000"
 506      7420696E 
 506      7400
 507              	.LASF30:
 508 01f8 43757374 		.ascii	"Custom_isr_MultiRead\000"
 508      6F6D5F69 
 508      73725F4D 
 508      756C7469 
 508      52656164 
 509              	.LASF15:
 510 020d 75696E74 		.ascii	"uint8\000"
 510      3800
 511              	.LASF7:
 512 0213 6C6F6E67 		.ascii	"long int\000"
 512      20696E74 
 512      00
 513              	.LASF24:
 514 021c 44617461 		.ascii	"DataBuffer\000"
 514      42756666 
 514      657200
 515              	.LASF19:
 516 0227 6C6F6E67 		.ascii	"long double\000"
 516      20646F75 
 516      626C6500 
 517              	.LASF0:
ARM GAS  C:\Users\User\AppData\Local\Temp\ccJ4yBVr.s 			page 12


 518 0233 7369676E 		.ascii	"signed char\000"
 518      65642063 
 518      68617200 
 519              	.LASF23:
 520 023f 41786973 		.ascii	"AxisData\000"
 520      44617461 
 520      00
 521              	.LASF28:
 522 0248 496E7465 		.ascii	"InterruptRoutines.c\000"
 522      72727570 
 522      74526F75 
 522      74696E65 
 522      732E6300 
 523              		.ident	"GCC: (GNU Tools for ARM Embedded Processors) 5.4.1 20160609 (release) [ARM/embedded-5-bran
