ARM GAS  C:\Users\User\AppData\Local\Temp\cc8g1T7X.s 			page 1


   1              		.syntax unified
   2              		.cpu cortex-m3
   3              		.fpu softvfp
   4              		.eabi_attribute 20, 1
   5              		.eabi_attribute 21, 1
   6              		.eabi_attribute 23, 3
   7              		.eabi_attribute 24, 1
   8              		.eabi_attribute 25, 1
   9              		.eabi_attribute 26, 1
  10              		.eabi_attribute 30, 1
  11              		.eabi_attribute 34, 1
  12              		.eabi_attribute 18, 4
  13              		.thumb
  14              		.syntax unified
  15              		.file	"main.c"
  16              		.text
  17              	.Ltext0:
  18              		.cfi_sections	.debug_frame
  19              		.section	.text.main,"ax",%progbits
  20              		.align	2
  21              		.global	main
  22              		.thumb
  23              		.thumb_func
  24              		.type	main, %function
  25              	main:
  26              	.LFB64:
  27              		.file 1 "main.c"
   1:main.c        **** /**
   2:main.c        **** * \brief Main source file for the I2C-Master project.
   3:main.c        **** *
   4:main.c        **** * In this project we test the LIS3DH 3-Axis Accelerometer
   5:main.c        **** * output capabilities.
   6:main.c        **** */
   7:main.c        **** 
   8:main.c        **** // Include required header files
   9:main.c        **** #include "I2C_Interface.h"
  10:main.c        **** #include "project.h"
  11:main.c        **** #include "stdio.h"
  12:main.c        **** #include "InterruptRoutines.h"
  13:main.c        **** 
  14:main.c        **** /**
  15:main.c        **** *   \brief Address of the Status register
  16:main.c        **** */
  17:main.c        **** #define LIS3DH_STATUS_REG 0x27
  18:main.c        **** 
  19:main.c        **** /**
  20:main.c        **** *   \brief 7-bit I2C address of the slave device.
  21:main.c        **** */
  22:main.c        **** #define LIS3DH_DEVICE_ADDRESS 0x18
  23:main.c        **** 
  24:main.c        **** /**
  25:main.c        **** *   \brief Address of the output lower register of the x axis. 
  26:main.c        **** *   
  27:main.c        **** *   the higher register of x axis and the higher and lower registers 
  28:main.c        **** *   of the y and z axis are adiacent to this one
  29:main.c        **** */
  30:main.c        **** #define LIS3DH_OUT_X_L 0x28 
ARM GAS  C:\Users\User\AppData\Local\Temp\cc8g1T7X.s 			page 2


  31:main.c        **** 
  32:main.c        **** //total number of output registers for the 3 axis
  33:main.c        **** /**
  34:main.c        **** *   \brief Address of the WHO AM I register
  35:main.c        **** */
  36:main.c        **** #define LIS3DH_WHO_AM_I_REG_ADDR 0x0F
  37:main.c        **** 
  38:main.c        **** /**
  39:main.c        **** *   \brief Address of the Control register 1
  40:main.c        **** */
  41:main.c        **** #define LIS3DH_CTRL_REG1 0x20   
  42:main.c        **** 
  43:main.c        **** /**
  44:main.c        **** *   \brief Address of the Control register 4
  45:main.c        **** */
  46:main.c        **** #define LIS3DH_CTRL_REG4 0x23  
  47:main.c        **** 
  48:main.c        **** /**
  49:main.c        **** *   \brief Hex value to set normal mode at 100Hz to the accelerometer 
  50:main.c        **** */
  51:main.c        **** #define LIS3DH_NORMAL_MODE_CTRL_REG1 0x57  
  52:main.c        **** 
  53:main.c        **** /**
  54:main.c        **** *   \brief Hex value to set the +/-2.0g FSR (which is the default value) 
  55:main.c        **** */
  56:main.c        **** #define LIS3DH_CTRL_REG4_DEFAULT 0x00   
  57:main.c        **** 
  58:main.c        **** int main(void)
  59:main.c        **** {
  28              		.loc 1 59 0
  29              		.cfi_startproc
  30              		@ args = 0, pretend = 0, frame = 8
  31              		@ frame_needed = 0, uses_anonymous_args = 0
  32 0000 30B5     		push	{r4, r5, lr}
  33              		.cfi_def_cfa_offset 12
  34              		.cfi_offset 4, -12
  35              		.cfi_offset 5, -8
  36              		.cfi_offset 14, -4
  37 0002 83B0     		sub	sp, sp, #12
  38              		.cfi_def_cfa_offset 24
  60:main.c        ****     CyGlobalIntEnable; /* Enable global interrupts. */
  39              		.loc 1 60 0
  40              		.syntax unified
  41              	@ 60 "main.c" 1
  42 0004 62B6     		CPSIE   i
  43              	@ 0 "" 2
  61:main.c        **** 
  62:main.c        ****     /* Place your initialization/startup code here (e.g. MyInst_Start()) */
  63:main.c        ****     I2C_Peripheral_Start();
  44              		.loc 1 63 0
  45              		.thumb
  46              		.syntax unified
  47 0006 FFF7FEFF 		bl	I2C_Peripheral_Start
  48              	.LVL0:
  64:main.c        ****     UART_Debug_Start();
  49              		.loc 1 64 0
  50 000a FFF7FEFF 		bl	UART_Debug_Start
ARM GAS  C:\Users\User\AppData\Local\Temp\cc8g1T7X.s 			page 3


  51              	.LVL1:
  65:main.c        ****     
  66:main.c        ****     CyDelay(5); //"The boot procedure is complete about 5 milliseconds after device power-up."
  52              		.loc 1 66 0
  53 000e 0520     		movs	r0, #5
  54 0010 FFF7FEFF 		bl	CyDelay
  55              	.LVL2:
  56              	.LBB2:
  67:main.c        **** 
  68:main.c        **** 
  69:main.c        ****     // Check which devices are present on the I2C bus
  70:main.c        ****     for (int i = 0 ; i < 128; i++)
  57              		.loc 1 70 0
  58 0014 0024     		movs	r4, #0
  59 0016 0DE0     		b	.L2
  60              	.LVL3:
  61              	.L4:
  71:main.c        ****     {
  72:main.c        ****         if (I2C_Peripheral_IsDeviceConnected(i))
  62              		.loc 1 72 0
  63 0018 E0B2     		uxtb	r0, r4
  64 001a FFF7FEFF 		bl	I2C_Peripheral_IsDeviceConnected
  65              	.LVL4:
  66 001e 40B1     		cbz	r0, .L3
  73:main.c        ****         {
  74:main.c        ****             // print out the address is hex format
  75:main.c        ****             sprintf(message, "\r\nDevice 0x%02X is connected\r\n", i);
  67              		.loc 1 75 0
  68 0020 574D     		ldr	r5, .L19
  69 0022 2246     		mov	r2, r4
  70 0024 5749     		ldr	r1, .L19+4
  71 0026 2846     		mov	r0, r5
  72 0028 FFF7FEFF 		bl	sprintf
  73              	.LVL5:
  76:main.c        ****             UART_Debug_PutString(message); 
  74              		.loc 1 76 0
  75 002c 2846     		mov	r0, r5
  76 002e FFF7FEFF 		bl	UART_Debug_PutString
  77              	.LVL6:
  78              	.L3:
  70:main.c        ****     {
  79              		.loc 1 70 0 discriminator 2
  80 0032 0134     		adds	r4, r4, #1
  81              	.LVL7:
  82              	.L2:
  70:main.c        ****     {
  83              		.loc 1 70 0 is_stmt 0 discriminator 1
  84 0034 7F2C     		cmp	r4, #127
  85 0036 EFDD     		ble	.L4
  86              	.LBE2:
  77:main.c        ****         }
  78:main.c        ****         
  79:main.c        ****     }
  80:main.c        ****     
  81:main.c        ****     /******************************************/
  82:main.c        ****     /*            I2C Reading                 */
  83:main.c        ****     /******************************************/
ARM GAS  C:\Users\User\AppData\Local\Temp\cc8g1T7X.s 			page 4


  84:main.c        ****     
  85:main.c        ****     /* Read WHO AM I register */
  86:main.c        ****     
  87:main.c        ****     uint8_t who_am_i_reg;
  88:main.c        ****     ErrorCode error = I2C_Peripheral_ReadRegister(LIS3DH_DEVICE_ADDRESS,
  87              		.loc 1 88 0 is_stmt 1
  88 0038 0DF10702 		add	r2, sp, #7
  89 003c 0F21     		movs	r1, #15
  90 003e 1820     		movs	r0, #24
  91 0040 FFF7FEFF 		bl	I2C_Peripheral_ReadRegister
  92              	.LVL8:
  89:main.c        ****                                                   LIS3DH_WHO_AM_I_REG_ADDR, 
  90:main.c        ****                                                   &who_am_i_reg);
  91:main.c        ****     if (error == NO_ERROR)
  93              		.loc 1 91 0
  94 0044 50B9     		cbnz	r0, .L5
  92:main.c        ****     {
  93:main.c        ****         sprintf(message, "WHO AM I REG: 0x%02X [Expected: 0x33]\r\n", who_am_i_reg);
  95              		.loc 1 93 0
  96 0046 4E4C     		ldr	r4, .L19
  97              	.LVL9:
  98 0048 9DF80720 		ldrb	r2, [sp, #7]	@ zero_extendqisi2
  99 004c 4E49     		ldr	r1, .L19+8
 100 004e 2046     		mov	r0, r4
 101              	.LVL10:
 102 0050 FFF7FEFF 		bl	sprintf
 103              	.LVL11:
  94:main.c        ****         UART_Debug_PutString(message); 
 104              		.loc 1 94 0
 105 0054 2046     		mov	r0, r4
 106 0056 FFF7FEFF 		bl	UART_Debug_PutString
 107              	.LVL12:
 108 005a 02E0     		b	.L6
 109              	.LVL13:
 110              	.L5:
  95:main.c        ****     }
  96:main.c        ****     else
  97:main.c        ****     {
  98:main.c        ****         UART_Debug_PutString("Error occurred during I2C comm\r\n");   
 111              		.loc 1 98 0
 112 005c 4B48     		ldr	r0, .L19+12
 113              	.LVL14:
 114 005e FFF7FEFF 		bl	UART_Debug_PutString
 115              	.LVL15:
 116              	.L6:
  99:main.c        ****     }
 100:main.c        ****     
 101:main.c        ****     /* Read Status Register */
 102:main.c        ****     
 103:main.c        ****     uint8_t status_register; 
 104:main.c        ****     error = I2C_Peripheral_ReadRegister(LIS3DH_DEVICE_ADDRESS,
 117              		.loc 1 104 0
 118 0062 0DF10602 		add	r2, sp, #6
 119 0066 2721     		movs	r1, #39
 120 0068 1820     		movs	r0, #24
 121 006a FFF7FEFF 		bl	I2C_Peripheral_ReadRegister
 122              	.LVL16:
ARM GAS  C:\Users\User\AppData\Local\Temp\cc8g1T7X.s 			page 5


 105:main.c        ****                                         LIS3DH_STATUS_REG,
 106:main.c        ****                                         &status_register);
 107:main.c        ****     if (error == NO_ERROR)
 123              		.loc 1 107 0
 124 006e 50B9     		cbnz	r0, .L7
 108:main.c        ****     {
 109:main.c        ****         sprintf(message, "STATUS REGISTER: 0x%02X\r\n", status_register);
 125              		.loc 1 109 0
 126 0070 434C     		ldr	r4, .L19
 127 0072 9DF80620 		ldrb	r2, [sp, #6]	@ zero_extendqisi2
 128 0076 4649     		ldr	r1, .L19+16
 129 0078 2046     		mov	r0, r4
 130              	.LVL17:
 131 007a FFF7FEFF 		bl	sprintf
 132              	.LVL18:
 110:main.c        ****         UART_Debug_PutString(message); 
 133              		.loc 1 110 0
 134 007e 2046     		mov	r0, r4
 135 0080 FFF7FEFF 		bl	UART_Debug_PutString
 136              	.LVL19:
 137 0084 02E0     		b	.L8
 138              	.LVL20:
 139              	.L7:
 111:main.c        ****     }
 112:main.c        ****     else
 113:main.c        ****     {
 114:main.c        ****         UART_Debug_PutString("Error occurred during I2C comm to read status register\r\n");   
 140              		.loc 1 114 0
 141 0086 4348     		ldr	r0, .L19+20
 142              	.LVL21:
 143 0088 FFF7FEFF 		bl	UART_Debug_PutString
 144              	.LVL22:
 145              	.L8:
 115:main.c        ****     }
 116:main.c        ****        
 117:main.c        ****     /******************************************/
 118:main.c        ****     /*        Read Control Register 1         */
 119:main.c        ****     /******************************************/
 120:main.c        ****     uint8_t ctrl_reg1; 
 121:main.c        ****     error = I2C_Peripheral_ReadRegister(LIS3DH_DEVICE_ADDRESS,
 146              		.loc 1 121 0
 147 008c 0DF10502 		add	r2, sp, #5
 148 0090 2021     		movs	r1, #32
 149 0092 1820     		movs	r0, #24
 150 0094 FFF7FEFF 		bl	I2C_Peripheral_ReadRegister
 151              	.LVL23:
 122:main.c        ****                                         LIS3DH_CTRL_REG1,
 123:main.c        ****                                         &ctrl_reg1);
 124:main.c        ****     
 125:main.c        ****     if (error == NO_ERROR)
 152              		.loc 1 125 0
 153 0098 50B9     		cbnz	r0, .L9
 126:main.c        ****     {
 127:main.c        ****         sprintf(message, "CONTROL REGISTER 1: 0x%02X\r\n", ctrl_reg1);
 154              		.loc 1 127 0
 155 009a 394C     		ldr	r4, .L19
 156 009c 9DF80520 		ldrb	r2, [sp, #5]	@ zero_extendqisi2
ARM GAS  C:\Users\User\AppData\Local\Temp\cc8g1T7X.s 			page 6


 157 00a0 3D49     		ldr	r1, .L19+24
 158 00a2 2046     		mov	r0, r4
 159              	.LVL24:
 160 00a4 FFF7FEFF 		bl	sprintf
 161              	.LVL25:
 128:main.c        ****         UART_Debug_PutString(message); 
 162              		.loc 1 128 0
 163 00a8 2046     		mov	r0, r4
 164 00aa FFF7FEFF 		bl	UART_Debug_PutString
 165              	.LVL26:
 166 00ae 02E0     		b	.L10
 167              	.LVL27:
 168              	.L9:
 129:main.c        ****     }
 130:main.c        ****     else
 131:main.c        ****     {
 132:main.c        ****         UART_Debug_PutString("Error occurred during I2C comm to read control register 1\r\n");   
 169              		.loc 1 132 0
 170 00b0 3A48     		ldr	r0, .L19+28
 171              	.LVL28:
 172 00b2 FFF7FEFF 		bl	UART_Debug_PutString
 173              	.LVL29:
 174              	.L10:
 133:main.c        ****     }
 134:main.c        ****     
 135:main.c        ****     /******************************************/
 136:main.c        ****     /*            I2C Writing                 */
 137:main.c        ****     /******************************************/
 138:main.c        ****     
 139:main.c        ****            
 140:main.c        ****     if (ctrl_reg1 != LIS3DH_NORMAL_MODE_CTRL_REG1)
 175              		.loc 1 140 0
 176 00b6 9DF80530 		ldrb	r3, [sp, #5]	@ zero_extendqisi2
 177 00ba 572B     		cmp	r3, #87
 178 00bc 1ED0     		beq	.L11
 141:main.c        ****     {
 142:main.c        ****         UART_Debug_PutString("Updating the register..\r\n");
 179              		.loc 1 142 0
 180 00be 3848     		ldr	r0, .L19+32
 181 00c0 FFF7FEFF 		bl	UART_Debug_PutString
 182              	.LVL30:
 143:main.c        ****         
 144:main.c        ****         ctrl_reg1 = LIS3DH_NORMAL_MODE_CTRL_REG1;
 183              		.loc 1 144 0
 184 00c4 5722     		movs	r2, #87
 185 00c6 02AC     		add	r4, sp, #8
 186 00c8 04F8032D 		strb	r2, [r4, #-3]!
 145:main.c        ****     
 146:main.c        ****         error = I2C_Peripheral_WriteRegister(LIS3DH_DEVICE_ADDRESS,
 187              		.loc 1 146 0
 188 00cc 2021     		movs	r1, #32
 189 00ce 1820     		movs	r0, #24
 190 00d0 FFF7FEFF 		bl	I2C_Peripheral_WriteRegister
 191              	.LVL31:
 147:main.c        ****                                              LIS3DH_CTRL_REG1,
 148:main.c        ****                                              ctrl_reg1);
 149:main.c        ****         
ARM GAS  C:\Users\User\AppData\Local\Temp\cc8g1T7X.s 			page 7


 150:main.c        ****         error = I2C_Peripheral_ReadRegister(LIS3DH_DEVICE_ADDRESS,
 192              		.loc 1 150 0
 193 00d4 2246     		mov	r2, r4
 194 00d6 2021     		movs	r1, #32
 195 00d8 1820     		movs	r0, #24
 196 00da FFF7FEFF 		bl	I2C_Peripheral_ReadRegister
 197              	.LVL32:
 151:main.c        ****                                             LIS3DH_CTRL_REG1,
 152:main.c        ****                                             &ctrl_reg1);
 153:main.c        ****         
 154:main.c        ****         if (error == NO_ERROR)
 198              		.loc 1 154 0
 199 00de 50B9     		cbnz	r0, .L12
 155:main.c        ****         {
 156:main.c        ****             sprintf(message, "CONTROL REGISTER 1 after being updated: 0x%02X\r\n", ctrl_reg1);
 200              		.loc 1 156 0
 201 00e0 274C     		ldr	r4, .L19
 202 00e2 9DF80520 		ldrb	r2, [sp, #5]	@ zero_extendqisi2
 203 00e6 2F49     		ldr	r1, .L19+36
 204 00e8 2046     		mov	r0, r4
 205              	.LVL33:
 206 00ea FFF7FEFF 		bl	sprintf
 207              	.LVL34:
 157:main.c        ****             UART_Debug_PutString(message); 
 208              		.loc 1 157 0
 209 00ee 2046     		mov	r0, r4
 210 00f0 FFF7FEFF 		bl	UART_Debug_PutString
 211              	.LVL35:
 212 00f4 02E0     		b	.L11
 213              	.LVL36:
 214              	.L12:
 158:main.c        ****         }
 159:main.c        ****         else
 160:main.c        ****         {
 161:main.c        ****             UART_Debug_PutString("Error occurred during I2C comm to set control register 1\r\n");  
 215              		.loc 1 161 0
 216 00f6 2C48     		ldr	r0, .L19+40
 217              	.LVL37:
 218 00f8 FFF7FEFF 		bl	UART_Debug_PutString
 219              	.LVL38:
 220              	.L11:
 162:main.c        ****         }
 163:main.c        ****     }
 164:main.c        ****     
 165:main.c        ****     /******************************************/
 166:main.c        ****     /*        Read Control Register 4         */
 167:main.c        ****     /******************************************/
 168:main.c        ****         
 169:main.c        ****     uint8_t ctrl_reg4;
 170:main.c        **** 
 171:main.c        ****     error = I2C_Peripheral_ReadRegister(LIS3DH_DEVICE_ADDRESS,
 221              		.loc 1 171 0
 222 00fc 01AA     		add	r2, sp, #4
 223 00fe 2321     		movs	r1, #35
 224 0100 1820     		movs	r0, #24
 225 0102 FFF7FEFF 		bl	I2C_Peripheral_ReadRegister
 226              	.LVL39:
ARM GAS  C:\Users\User\AppData\Local\Temp\cc8g1T7X.s 			page 8


 172:main.c        ****                                         LIS3DH_CTRL_REG4,
 173:main.c        ****                                         &ctrl_reg4);
 174:main.c        ****     
 175:main.c        ****     if (error == NO_ERROR)
 227              		.loc 1 175 0
 228 0106 50B9     		cbnz	r0, .L13
 176:main.c        ****     {
 177:main.c        ****         sprintf(message, "CONTROL REGISTER 4: 0x%02X\r\n", ctrl_reg4);
 229              		.loc 1 177 0
 230 0108 1D4C     		ldr	r4, .L19
 231 010a 9DF80420 		ldrb	r2, [sp, #4]	@ zero_extendqisi2
 232 010e 2749     		ldr	r1, .L19+44
 233 0110 2046     		mov	r0, r4
 234              	.LVL40:
 235 0112 FFF7FEFF 		bl	sprintf
 236              	.LVL41:
 178:main.c        ****         UART_Debug_PutString(message); 
 237              		.loc 1 178 0
 238 0116 2046     		mov	r0, r4
 239 0118 FFF7FEFF 		bl	UART_Debug_PutString
 240              	.LVL42:
 241 011c 02E0     		b	.L14
 242              	.LVL43:
 243              	.L13:
 179:main.c        ****     }
 180:main.c        ****     else
 181:main.c        ****     {
 182:main.c        ****         UART_Debug_PutString("Error occurred during I2C comm to read control register4\r\n");   
 244              		.loc 1 182 0
 245 011e 2448     		ldr	r0, .L19+48
 246              	.LVL44:
 247 0120 FFF7FEFF 		bl	UART_Debug_PutString
 248              	.LVL45:
 249              	.L14:
 183:main.c        ****     }
 184:main.c        ****     
 185:main.c        ****     /******************************************/
 186:main.c        ****     /*            I2C Writing                 */
 187:main.c        ****     /******************************************/
 188:main.c        ****     
 189:main.c        ****     if (ctrl_reg4 != LIS3DH_CTRL_REG4_DEFAULT)
 250              		.loc 1 189 0
 251 0124 9DF80430 		ldrb	r3, [sp, #4]	@ zero_extendqisi2
 252 0128 F3B1     		cbz	r3, .L15
 190:main.c        ****     {
 191:main.c        ****         UART_Debug_PutString("Updating the register..\r\n");
 253              		.loc 1 191 0
 254 012a 1D48     		ldr	r0, .L19+32
 255 012c FFF7FEFF 		bl	UART_Debug_PutString
 256              	.LVL46:
 192:main.c        ****         
 193:main.c        ****         ctrl_reg4 = LIS3DH_CTRL_REG4_DEFAULT; // must be changed to the appropriate value
 257              		.loc 1 193 0
 258 0130 0022     		movs	r2, #0
 259 0132 02AC     		add	r4, sp, #8
 260 0134 04F8042D 		strb	r2, [r4, #-4]!
 194:main.c        **** 
ARM GAS  C:\Users\User\AppData\Local\Temp\cc8g1T7X.s 			page 9


 195:main.c        ****         error = I2C_Peripheral_WriteRegister(LIS3DH_DEVICE_ADDRESS,
 261              		.loc 1 195 0
 262 0138 2321     		movs	r1, #35
 263 013a 1820     		movs	r0, #24
 264 013c FFF7FEFF 		bl	I2C_Peripheral_WriteRegister
 265              	.LVL47:
 196:main.c        ****                                              LIS3DH_CTRL_REG4,
 197:main.c        ****                                              ctrl_reg4);
 198:main.c        **** 
 199:main.c        ****         error = I2C_Peripheral_ReadRegister(LIS3DH_DEVICE_ADDRESS,
 266              		.loc 1 199 0
 267 0140 2246     		mov	r2, r4
 268 0142 2321     		movs	r1, #35
 269 0144 1820     		movs	r0, #24
 270 0146 FFF7FEFF 		bl	I2C_Peripheral_ReadRegister
 271              	.LVL48:
 200:main.c        ****                                             LIS3DH_CTRL_REG4,
 201:main.c        ****                                             &ctrl_reg4);   
 202:main.c        ****         if (error == NO_ERROR)
 272              		.loc 1 202 0
 273 014a 50B9     		cbnz	r0, .L16
 203:main.c        ****         {
 204:main.c        ****             sprintf(message, "CONTROL REGISTER 4 after being updated: 0x%02X\r\n", ctrl_reg4);
 274              		.loc 1 204 0
 275 014c 0C4C     		ldr	r4, .L19
 276 014e 9DF80420 		ldrb	r2, [sp, #4]	@ zero_extendqisi2
 277 0152 1849     		ldr	r1, .L19+52
 278 0154 2046     		mov	r0, r4
 279              	.LVL49:
 280 0156 FFF7FEFF 		bl	sprintf
 281              	.LVL50:
 205:main.c        ****             UART_Debug_PutString(message); 
 282              		.loc 1 205 0
 283 015a 2046     		mov	r0, r4
 284 015c FFF7FEFF 		bl	UART_Debug_PutString
 285              	.LVL51:
 286 0160 02E0     		b	.L15
 287              	.LVL52:
 288              	.L16:
 206:main.c        ****         }
 207:main.c        ****         else
 208:main.c        ****         {
 209:main.c        ****             UART_Debug_PutString("Error occurred during I2C comm to read control register4\r\n");  
 289              		.loc 1 209 0
 290 0162 1348     		ldr	r0, .L19+48
 291              	.LVL53:
 292 0164 FFF7FEFF 		bl	UART_Debug_PutString
 293              	.LVL54:
 294              	.L15:
 210:main.c        ****         }
 211:main.c        ****     }
 212:main.c        ****     
 213:main.c        ****     DataBuffer[0] = 0xA0;
 295              		.loc 1 213 0
 296 0168 134B     		ldr	r3, .L19+56
 297 016a A022     		movs	r2, #160
 298 016c 1A70     		strb	r2, [r3]
ARM GAS  C:\Users\User\AppData\Local\Temp\cc8g1T7X.s 			page 10


 214:main.c        ****     DataBuffer[TRANSMIT_BUFFER_SIZE-1] = 0xC0;
 299              		.loc 1 214 0
 300 016e C022     		movs	r2, #192
 301 0170 DA71     		strb	r2, [r3, #7]
 215:main.c        ****     
 216:main.c        ****     Timer_MultiRead_Start();      
 302              		.loc 1 216 0
 303 0172 FFF7FEFF 		bl	Timer_MultiRead_Start
 304              	.LVL55:
 217:main.c        ****     isr_MultiRead_StartEx(Custom_isr_MultiRead);
 305              		.loc 1 217 0
 306 0176 1148     		ldr	r0, .L19+60
 307 0178 FFF7FEFF 		bl	isr_MultiRead_StartEx
 308              	.LVL56:
 309              	.L17:
 310 017c FEE7     		b	.L17
 311              	.L20:
 312 017e 00BF     		.align	2
 313              	.L19:
 314 0180 00000000 		.word	message
 315 0184 00000000 		.word	.LC0
 316 0188 20000000 		.word	.LC1
 317 018c 48000000 		.word	.LC2
 318 0190 6C000000 		.word	.LC3
 319 0194 88000000 		.word	.LC4
 320 0198 C4000000 		.word	.LC5
 321 019c E4000000 		.word	.LC6
 322 01a0 20010000 		.word	.LC7
 323 01a4 3C010000 		.word	.LC8
 324 01a8 70010000 		.word	.LC9
 325 01ac AC010000 		.word	.LC10
 326 01b0 CC010000 		.word	.LC11
 327 01b4 08020000 		.word	.LC12
 328 01b8 00000000 		.word	DataBuffer
 329 01bc 00000000 		.word	Custom_isr_MultiRead
 330              		.cfi_endproc
 331              	.LFE64:
 332              		.size	main, .-main
 333              		.comm	OutAxis,2,2
 334              		.comm	DataBuffer,8,4
 335              		.comm	AxisData,6,4
 336              		.comm	message,50,4
 337              		.section	.rodata.str1.4,"aMS",%progbits,1
 338              		.align	2
 339              	.LC0:
 340 0000 0D0A4465 		.ascii	"\015\012Device 0x%02X is connected\015\012\000"
 340      76696365 
 340      20307825 
 340      30325820 
 340      69732063 
 341 001f 00       		.space	1
 342              	.LC1:
 343 0020 57484F20 		.ascii	"WHO AM I REG: 0x%02X [Expected: 0x33]\015\012\000"
 343      414D2049 
 343      20524547 
 343      3A203078 
 343      25303258 
ARM GAS  C:\Users\User\AppData\Local\Temp\cc8g1T7X.s 			page 11


 344              	.LC2:
 345 0048 4572726F 		.ascii	"Error occurred during I2C comm\015\012\000"
 345      72206F63 
 345      63757272 
 345      65642064 
 345      7572696E 
 346 0069 000000   		.space	3
 347              	.LC3:
 348 006c 53544154 		.ascii	"STATUS REGISTER: 0x%02X\015\012\000"
 348      55532052 
 348      45474953 
 348      5445523A 
 348      20307825 
 349 0086 0000     		.space	2
 350              	.LC4:
 351 0088 4572726F 		.ascii	"Error occurred during I2C comm to read status regis"
 351      72206F63 
 351      63757272 
 351      65642064 
 351      7572696E 
 352 00bb 7465720D 		.ascii	"ter\015\012\000"
 352      0A00
 353 00c1 000000   		.space	3
 354              	.LC5:
 355 00c4 434F4E54 		.ascii	"CONTROL REGISTER 1: 0x%02X\015\012\000"
 355      524F4C20 
 355      52454749 
 355      53544552 
 355      20313A20 
 356 00e1 000000   		.space	3
 357              	.LC6:
 358 00e4 4572726F 		.ascii	"Error occurred during I2C comm to read control regi"
 358      72206F63 
 358      63757272 
 358      65642064 
 358      7572696E 
 359 0117 73746572 		.ascii	"ster 1\015\012\000"
 359      20310D0A 
 359      00
 360              	.LC7:
 361 0120 55706461 		.ascii	"Updating the register..\015\012\000"
 361      74696E67 
 361      20746865 
 361      20726567 
 361      69737465 
 362 013a 0000     		.space	2
 363              	.LC8:
 364 013c 434F4E54 		.ascii	"CONTROL REGISTER 1 after being updated: 0x%02X\015\012"
 364      524F4C20 
 364      52454749 
 364      53544552 
 364      20312061 
 365 016c 00       		.ascii	"\000"
 366 016d 000000   		.space	3
 367              	.LC9:
 368 0170 4572726F 		.ascii	"Error occurred during I2C comm to set control regis"
 368      72206F63 
ARM GAS  C:\Users\User\AppData\Local\Temp\cc8g1T7X.s 			page 12


 368      63757272 
 368      65642064 
 368      7572696E 
 369 01a3 74657220 		.ascii	"ter 1\015\012\000"
 369      310D0A00 
 370 01ab 00       		.space	1
 371              	.LC10:
 372 01ac 434F4E54 		.ascii	"CONTROL REGISTER 4: 0x%02X\015\012\000"
 372      524F4C20 
 372      52454749 
 372      53544552 
 372      20343A20 
 373 01c9 000000   		.space	3
 374              	.LC11:
 375 01cc 4572726F 		.ascii	"Error occurred during I2C comm to read control regi"
 375      72206F63 
 375      63757272 
 375      65642064 
 375      7572696E 
 376 01ff 73746572 		.ascii	"ster4\015\012\000"
 376      340D0A00 
 377 0207 00       		.space	1
 378              	.LC12:
 379 0208 434F4E54 		.ascii	"CONTROL REGISTER 4 after being updated: 0x%02X\015\012"
 379      524F4C20 
 379      52454749 
 379      53544552 
 379      20342061 
 380 0238 00       		.ascii	"\000"
 381              		.text
 382              	.Letext0:
 383              		.file 2 "c:\\program files (x86)\\cypress\\psoc creator\\4.3\\psoc creator\\import\\gnu\\arm\\5.4.
 384              		.file 3 "c:\\program files (x86)\\cypress\\psoc creator\\4.3\\psoc creator\\import\\gnu\\arm\\5.4.
 385              		.file 4 "ErrorCodes.h"
 386              		.file 5 "Generated_Source\\PSoC5/core_cm3.h"
 387              		.file 6 "InterruptRoutines.h"
 388              		.file 7 "I2C_Interface.h"
 389              		.file 8 "c:\\program files (x86)\\cypress\\psoc creator\\4.3\\psoc creator\\import\\gnu\\arm\\5.4.
 390              		.file 9 "Generated_Source\\PSoC5/UART_Debug.h"
 391              		.file 10 "Generated_Source\\PSoC5/CyLib.h"
 392              		.file 11 "Generated_Source\\PSoC5/Timer_MultiRead.h"
 393              		.file 12 "Generated_Source\\PSoC5/isr_MultiRead.h"
 394              		.section	.debug_info,"",%progbits
 395              	.Ldebug_info0:
 396 0000 B2050000 		.4byte	0x5b2
 397 0004 0400     		.2byte	0x4
 398 0006 00000000 		.4byte	.Ldebug_abbrev0
 399 000a 04       		.byte	0x4
 400 000b 01       		.uleb128 0x1
 401 000c 76000000 		.4byte	.LASF43
 402 0010 0C       		.byte	0xc
 403 0011 81020000 		.4byte	.LASF44
 404 0015 55010000 		.4byte	.LASF45
 405 0019 00000000 		.4byte	.Ldebug_ranges0+0
 406 001d 00000000 		.4byte	0
 407 0021 00000000 		.4byte	.Ldebug_line0
 408 0025 02       		.uleb128 0x2
ARM GAS  C:\Users\User\AppData\Local\Temp\cc8g1T7X.s 			page 13


 409 0026 01       		.byte	0x1
 410 0027 06       		.byte	0x6
 411 0028 D9020000 		.4byte	.LASF0
 412 002c 03       		.uleb128 0x3
 413 002d 08000000 		.4byte	.LASF2
 414 0031 02       		.byte	0x2
 415 0032 1D       		.byte	0x1d
 416 0033 37000000 		.4byte	0x37
 417 0037 02       		.uleb128 0x2
 418 0038 01       		.byte	0x1
 419 0039 08       		.byte	0x8
 420 003a 68000000 		.4byte	.LASF1
 421 003e 03       		.uleb128 0x3
 422 003f 12000000 		.4byte	.LASF3
 423 0043 02       		.byte	0x2
 424 0044 29       		.byte	0x29
 425 0045 49000000 		.4byte	0x49
 426 0049 02       		.uleb128 0x2
 427 004a 02       		.byte	0x2
 428 004b 05       		.byte	0x5
 429 004c A9020000 		.4byte	.LASF4
 430 0050 02       		.uleb128 0x2
 431 0051 02       		.byte	0x2
 432 0052 07       		.byte	0x7
 433 0053 2C010000 		.4byte	.LASF5
 434 0057 03       		.uleb128 0x3
 435 0058 45000000 		.4byte	.LASF6
 436 005c 02       		.byte	0x2
 437 005d 3F       		.byte	0x3f
 438 005e 62000000 		.4byte	0x62
 439 0062 02       		.uleb128 0x2
 440 0063 04       		.byte	0x4
 441 0064 05       		.byte	0x5
 442 0065 4F000000 		.4byte	.LASF7
 443 0069 02       		.uleb128 0x2
 444 006a 04       		.byte	0x4
 445 006b 07       		.byte	0x7
 446 006c 04010000 		.4byte	.LASF8
 447 0070 02       		.uleb128 0x2
 448 0071 08       		.byte	0x8
 449 0072 05       		.byte	0x5
 450 0073 62020000 		.4byte	.LASF9
 451 0077 02       		.uleb128 0x2
 452 0078 08       		.byte	0x8
 453 0079 07       		.byte	0x7
 454 007a 14020000 		.4byte	.LASF10
 455 007e 04       		.uleb128 0x4
 456 007f 04       		.byte	0x4
 457 0080 05       		.byte	0x5
 458 0081 696E7400 		.ascii	"int\000"
 459 0085 02       		.uleb128 0x2
 460 0086 04       		.byte	0x4
 461 0087 07       		.byte	0x7
 462 0088 07020000 		.4byte	.LASF11
 463 008c 03       		.uleb128 0x3
 464 008d 2B020000 		.4byte	.LASF12
 465 0091 03       		.byte	0x3
ARM GAS  C:\Users\User\AppData\Local\Temp\cc8g1T7X.s 			page 14


 466 0092 18       		.byte	0x18
 467 0093 2C000000 		.4byte	0x2c
 468 0097 03       		.uleb128 0x3
 469 0098 33020000 		.4byte	.LASF13
 470 009c 03       		.byte	0x3
 471 009d 20       		.byte	0x20
 472 009e 3E000000 		.4byte	0x3e
 473 00a2 03       		.uleb128 0x3
 474 00a3 4B020000 		.4byte	.LASF14
 475 00a7 03       		.byte	0x3
 476 00a8 2C       		.byte	0x2c
 477 00a9 57000000 		.4byte	0x57
 478 00ad 02       		.uleb128 0x2
 479 00ae 04       		.byte	0x4
 480 00af 04       		.byte	0x4
 481 00b0 62000000 		.4byte	.LASF15
 482 00b4 02       		.uleb128 0x2
 483 00b5 08       		.byte	0x8
 484 00b6 04       		.byte	0x4
 485 00b7 B5010000 		.4byte	.LASF16
 486 00bb 02       		.uleb128 0x2
 487 00bc 01       		.byte	0x1
 488 00bd 08       		.byte	0x8
 489 00be 88020000 		.4byte	.LASF17
 490 00c2 05       		.uleb128 0x5
 491 00c3 01       		.byte	0x1
 492 00c4 37000000 		.4byte	0x37
 493 00c8 04       		.byte	0x4
 494 00c9 15       		.byte	0x15
 495 00ca DB000000 		.4byte	0xdb
 496 00ce 06       		.uleb128 0x6
 497 00cf B3020000 		.4byte	.LASF18
 498 00d3 00       		.byte	0
 499 00d4 06       		.uleb128 0x6
 500 00d5 BC020000 		.4byte	.LASF19
 501 00d9 01       		.byte	0x1
 502 00da 00       		.byte	0
 503 00db 03       		.uleb128 0x3
 504 00dc 58000000 		.4byte	.LASF20
 505 00e0 04       		.byte	0x4
 506 00e1 18       		.byte	0x18
 507 00e2 C2000000 		.4byte	0xc2
 508 00e6 02       		.uleb128 0x2
 509 00e7 08       		.byte	0x8
 510 00e8 04       		.byte	0x4
 511 00e9 CD020000 		.4byte	.LASF21
 512 00ed 02       		.uleb128 0x2
 513 00ee 04       		.byte	0x4
 514 00ef 07       		.byte	0x7
 515 00f0 53020000 		.4byte	.LASF22
 516 00f4 07       		.uleb128 0x7
 517 00f5 EE010000 		.4byte	.LASF46
 518 00f9 01       		.byte	0x1
 519 00fa 3A       		.byte	0x3a
 520 00fb 7E000000 		.4byte	0x7e
 521 00ff 00000000 		.4byte	.LFB64
 522 0103 C0010000 		.4byte	.LFE64-.LFB64
ARM GAS  C:\Users\User\AppData\Local\Temp\cc8g1T7X.s 			page 15


 523 0107 01       		.uleb128 0x1
 524 0108 9C       		.byte	0x9c
 525 0109 C2040000 		.4byte	0x4c2
 526 010d 08       		.uleb128 0x8
 527 010e EE020000 		.4byte	.LASF23
 528 0112 01       		.byte	0x1
 529 0113 57       		.byte	0x57
 530 0114 8C000000 		.4byte	0x8c
 531 0118 02       		.uleb128 0x2
 532 0119 91       		.byte	0x91
 533 011a 6F       		.sleb128 -17
 534 011b 09       		.uleb128 0x9
 535 011c 5C020000 		.4byte	.LASF24
 536 0120 01       		.byte	0x1
 537 0121 58       		.byte	0x58
 538 0122 DB000000 		.4byte	0xdb
 539 0126 00000000 		.4byte	.LLST0
 540 012a 08       		.uleb128 0x8
 541 012b 3B020000 		.4byte	.LASF25
 542 012f 01       		.byte	0x1
 543 0130 67       		.byte	0x67
 544 0131 8C000000 		.4byte	0x8c
 545 0135 02       		.uleb128 0x2
 546 0136 91       		.byte	0x91
 547 0137 6E       		.sleb128 -18
 548 0138 08       		.uleb128 0x8
 549 0139 F3010000 		.4byte	.LASF26
 550 013d 01       		.byte	0x1
 551 013e 78       		.byte	0x78
 552 013f 8C000000 		.4byte	0x8c
 553 0143 02       		.uleb128 0x2
 554 0144 91       		.byte	0x91
 555 0145 6D       		.sleb128 -19
 556 0146 08       		.uleb128 0x8
 557 0147 FD010000 		.4byte	.LASF27
 558 014b 01       		.byte	0x1
 559 014c A9       		.byte	0xa9
 560 014d 8C000000 		.4byte	0x8c
 561 0151 02       		.uleb128 0x2
 562 0152 91       		.byte	0x91
 563 0153 6C       		.sleb128 -20
 564 0154 0A       		.uleb128 0xa
 565 0155 14000000 		.4byte	.LBB2
 566 0159 24000000 		.4byte	.LBE2-.LBB2
 567 015d B6010000 		.4byte	0x1b6
 568 0161 0B       		.uleb128 0xb
 569 0162 6900     		.ascii	"i\000"
 570 0164 01       		.byte	0x1
 571 0165 46       		.byte	0x46
 572 0166 7E000000 		.4byte	0x7e
 573 016a 8C000000 		.4byte	.LLST1
 574 016e 0C       		.uleb128 0xc
 575 016f 1E000000 		.4byte	.LVL4
 576 0173 47050000 		.4byte	0x547
 577 0177 82010000 		.4byte	0x182
 578 017b 0D       		.uleb128 0xd
 579 017c 01       		.uleb128 0x1
ARM GAS  C:\Users\User\AppData\Local\Temp\cc8g1T7X.s 			page 16


 580 017d 50       		.byte	0x50
 581 017e 02       		.uleb128 0x2
 582 017f 74       		.byte	0x74
 583 0180 00       		.sleb128 0
 584 0181 00       		.byte	0
 585 0182 0C       		.uleb128 0xc
 586 0183 2C000000 		.4byte	.LVL5
 587 0187 52050000 		.4byte	0x552
 588 018b A5010000 		.4byte	0x1a5
 589 018f 0D       		.uleb128 0xd
 590 0190 01       		.uleb128 0x1
 591 0191 50       		.byte	0x50
 592 0192 02       		.uleb128 0x2
 593 0193 75       		.byte	0x75
 594 0194 00       		.sleb128 0
 595 0195 0D       		.uleb128 0xd
 596 0196 01       		.uleb128 0x1
 597 0197 51       		.byte	0x51
 598 0198 05       		.uleb128 0x5
 599 0199 03       		.byte	0x3
 600 019a 00000000 		.4byte	.LC0
 601 019e 0D       		.uleb128 0xd
 602 019f 01       		.uleb128 0x1
 603 01a0 52       		.byte	0x52
 604 01a1 02       		.uleb128 0x2
 605 01a2 74       		.byte	0x74
 606 01a3 00       		.sleb128 0
 607 01a4 00       		.byte	0
 608 01a5 0E       		.uleb128 0xe
 609 01a6 32000000 		.4byte	.LVL6
 610 01aa 5D050000 		.4byte	0x55d
 611 01ae 0D       		.uleb128 0xd
 612 01af 01       		.uleb128 0x1
 613 01b0 50       		.byte	0x50
 614 01b1 02       		.uleb128 0x2
 615 01b2 75       		.byte	0x75
 616 01b3 00       		.sleb128 0
 617 01b4 00       		.byte	0
 618 01b5 00       		.byte	0
 619 01b6 0F       		.uleb128 0xf
 620 01b7 0A000000 		.4byte	.LVL0
 621 01bb 68050000 		.4byte	0x568
 622 01bf 0F       		.uleb128 0xf
 623 01c0 0E000000 		.4byte	.LVL1
 624 01c4 73050000 		.4byte	0x573
 625 01c8 0C       		.uleb128 0xc
 626 01c9 14000000 		.4byte	.LVL2
 627 01cd 7E050000 		.4byte	0x57e
 628 01d1 DB010000 		.4byte	0x1db
 629 01d5 0D       		.uleb128 0xd
 630 01d6 01       		.uleb128 0x1
 631 01d7 50       		.byte	0x50
 632 01d8 01       		.uleb128 0x1
 633 01d9 35       		.byte	0x35
 634 01da 00       		.byte	0
 635 01db 0C       		.uleb128 0xc
 636 01dc 44000000 		.4byte	.LVL8
ARM GAS  C:\Users\User\AppData\Local\Temp\cc8g1T7X.s 			page 17


 637 01e0 89050000 		.4byte	0x589
 638 01e4 F9010000 		.4byte	0x1f9
 639 01e8 0D       		.uleb128 0xd
 640 01e9 01       		.uleb128 0x1
 641 01ea 50       		.byte	0x50
 642 01eb 01       		.uleb128 0x1
 643 01ec 48       		.byte	0x48
 644 01ed 0D       		.uleb128 0xd
 645 01ee 01       		.uleb128 0x1
 646 01ef 51       		.byte	0x51
 647 01f0 01       		.uleb128 0x1
 648 01f1 3F       		.byte	0x3f
 649 01f2 0D       		.uleb128 0xd
 650 01f3 01       		.uleb128 0x1
 651 01f4 52       		.byte	0x52
 652 01f5 02       		.uleb128 0x2
 653 01f6 91       		.byte	0x91
 654 01f7 6F       		.sleb128 -17
 655 01f8 00       		.byte	0
 656 01f9 0C       		.uleb128 0xc
 657 01fa 54000000 		.4byte	.LVL11
 658 01fe 52050000 		.4byte	0x552
 659 0202 16020000 		.4byte	0x216
 660 0206 0D       		.uleb128 0xd
 661 0207 01       		.uleb128 0x1
 662 0208 50       		.byte	0x50
 663 0209 02       		.uleb128 0x2
 664 020a 74       		.byte	0x74
 665 020b 00       		.sleb128 0
 666 020c 0D       		.uleb128 0xd
 667 020d 01       		.uleb128 0x1
 668 020e 51       		.byte	0x51
 669 020f 05       		.uleb128 0x5
 670 0210 03       		.byte	0x3
 671 0211 20000000 		.4byte	.LC1
 672 0215 00       		.byte	0
 673 0216 0C       		.uleb128 0xc
 674 0217 5A000000 		.4byte	.LVL12
 675 021b 5D050000 		.4byte	0x55d
 676 021f 2A020000 		.4byte	0x22a
 677 0223 0D       		.uleb128 0xd
 678 0224 01       		.uleb128 0x1
 679 0225 50       		.byte	0x50
 680 0226 02       		.uleb128 0x2
 681 0227 74       		.byte	0x74
 682 0228 00       		.sleb128 0
 683 0229 00       		.byte	0
 684 022a 0C       		.uleb128 0xc
 685 022b 62000000 		.4byte	.LVL15
 686 022f 5D050000 		.4byte	0x55d
 687 0233 41020000 		.4byte	0x241
 688 0237 0D       		.uleb128 0xd
 689 0238 01       		.uleb128 0x1
 690 0239 50       		.byte	0x50
 691 023a 05       		.uleb128 0x5
 692 023b 03       		.byte	0x3
 693 023c 48000000 		.4byte	.LC2
ARM GAS  C:\Users\User\AppData\Local\Temp\cc8g1T7X.s 			page 18


 694 0240 00       		.byte	0
 695 0241 0C       		.uleb128 0xc
 696 0242 6E000000 		.4byte	.LVL16
 697 0246 89050000 		.4byte	0x589
 698 024a 60020000 		.4byte	0x260
 699 024e 0D       		.uleb128 0xd
 700 024f 01       		.uleb128 0x1
 701 0250 50       		.byte	0x50
 702 0251 01       		.uleb128 0x1
 703 0252 48       		.byte	0x48
 704 0253 0D       		.uleb128 0xd
 705 0254 01       		.uleb128 0x1
 706 0255 51       		.byte	0x51
 707 0256 02       		.uleb128 0x2
 708 0257 08       		.byte	0x8
 709 0258 27       		.byte	0x27
 710 0259 0D       		.uleb128 0xd
 711 025a 01       		.uleb128 0x1
 712 025b 52       		.byte	0x52
 713 025c 02       		.uleb128 0x2
 714 025d 91       		.byte	0x91
 715 025e 6E       		.sleb128 -18
 716 025f 00       		.byte	0
 717 0260 0C       		.uleb128 0xc
 718 0261 7E000000 		.4byte	.LVL18
 719 0265 52050000 		.4byte	0x552
 720 0269 7D020000 		.4byte	0x27d
 721 026d 0D       		.uleb128 0xd
 722 026e 01       		.uleb128 0x1
 723 026f 50       		.byte	0x50
 724 0270 02       		.uleb128 0x2
 725 0271 74       		.byte	0x74
 726 0272 00       		.sleb128 0
 727 0273 0D       		.uleb128 0xd
 728 0274 01       		.uleb128 0x1
 729 0275 51       		.byte	0x51
 730 0276 05       		.uleb128 0x5
 731 0277 03       		.byte	0x3
 732 0278 6C000000 		.4byte	.LC3
 733 027c 00       		.byte	0
 734 027d 0C       		.uleb128 0xc
 735 027e 84000000 		.4byte	.LVL19
 736 0282 5D050000 		.4byte	0x55d
 737 0286 91020000 		.4byte	0x291
 738 028a 0D       		.uleb128 0xd
 739 028b 01       		.uleb128 0x1
 740 028c 50       		.byte	0x50
 741 028d 02       		.uleb128 0x2
 742 028e 74       		.byte	0x74
 743 028f 00       		.sleb128 0
 744 0290 00       		.byte	0
 745 0291 0C       		.uleb128 0xc
 746 0292 8C000000 		.4byte	.LVL22
 747 0296 5D050000 		.4byte	0x55d
 748 029a A8020000 		.4byte	0x2a8
 749 029e 0D       		.uleb128 0xd
 750 029f 01       		.uleb128 0x1
ARM GAS  C:\Users\User\AppData\Local\Temp\cc8g1T7X.s 			page 19


 751 02a0 50       		.byte	0x50
 752 02a1 05       		.uleb128 0x5
 753 02a2 03       		.byte	0x3
 754 02a3 88000000 		.4byte	.LC4
 755 02a7 00       		.byte	0
 756 02a8 0C       		.uleb128 0xc
 757 02a9 98000000 		.4byte	.LVL23
 758 02ad 89050000 		.4byte	0x589
 759 02b1 C7020000 		.4byte	0x2c7
 760 02b5 0D       		.uleb128 0xd
 761 02b6 01       		.uleb128 0x1
 762 02b7 50       		.byte	0x50
 763 02b8 01       		.uleb128 0x1
 764 02b9 48       		.byte	0x48
 765 02ba 0D       		.uleb128 0xd
 766 02bb 01       		.uleb128 0x1
 767 02bc 51       		.byte	0x51
 768 02bd 02       		.uleb128 0x2
 769 02be 08       		.byte	0x8
 770 02bf 20       		.byte	0x20
 771 02c0 0D       		.uleb128 0xd
 772 02c1 01       		.uleb128 0x1
 773 02c2 52       		.byte	0x52
 774 02c3 02       		.uleb128 0x2
 775 02c4 91       		.byte	0x91
 776 02c5 6D       		.sleb128 -19
 777 02c6 00       		.byte	0
 778 02c7 0C       		.uleb128 0xc
 779 02c8 A8000000 		.4byte	.LVL25
 780 02cc 52050000 		.4byte	0x552
 781 02d0 E4020000 		.4byte	0x2e4
 782 02d4 0D       		.uleb128 0xd
 783 02d5 01       		.uleb128 0x1
 784 02d6 50       		.byte	0x50
 785 02d7 02       		.uleb128 0x2
 786 02d8 74       		.byte	0x74
 787 02d9 00       		.sleb128 0
 788 02da 0D       		.uleb128 0xd
 789 02db 01       		.uleb128 0x1
 790 02dc 51       		.byte	0x51
 791 02dd 05       		.uleb128 0x5
 792 02de 03       		.byte	0x3
 793 02df C4000000 		.4byte	.LC5
 794 02e3 00       		.byte	0
 795 02e4 0C       		.uleb128 0xc
 796 02e5 AE000000 		.4byte	.LVL26
 797 02e9 5D050000 		.4byte	0x55d
 798 02ed F8020000 		.4byte	0x2f8
 799 02f1 0D       		.uleb128 0xd
 800 02f2 01       		.uleb128 0x1
 801 02f3 50       		.byte	0x50
 802 02f4 02       		.uleb128 0x2
 803 02f5 74       		.byte	0x74
 804 02f6 00       		.sleb128 0
 805 02f7 00       		.byte	0
 806 02f8 0C       		.uleb128 0xc
 807 02f9 B6000000 		.4byte	.LVL29
ARM GAS  C:\Users\User\AppData\Local\Temp\cc8g1T7X.s 			page 20


 808 02fd 5D050000 		.4byte	0x55d
 809 0301 0F030000 		.4byte	0x30f
 810 0305 0D       		.uleb128 0xd
 811 0306 01       		.uleb128 0x1
 812 0307 50       		.byte	0x50
 813 0308 05       		.uleb128 0x5
 814 0309 03       		.byte	0x3
 815 030a E4000000 		.4byte	.LC6
 816 030e 00       		.byte	0
 817 030f 0C       		.uleb128 0xc
 818 0310 C4000000 		.4byte	.LVL30
 819 0314 5D050000 		.4byte	0x55d
 820 0318 26030000 		.4byte	0x326
 821 031c 0D       		.uleb128 0xd
 822 031d 01       		.uleb128 0x1
 823 031e 50       		.byte	0x50
 824 031f 05       		.uleb128 0x5
 825 0320 03       		.byte	0x3
 826 0321 20010000 		.4byte	.LC7
 827 0325 00       		.byte	0
 828 0326 0C       		.uleb128 0xc
 829 0327 D4000000 		.4byte	.LVL31
 830 032b 94050000 		.4byte	0x594
 831 032f 45030000 		.4byte	0x345
 832 0333 0D       		.uleb128 0xd
 833 0334 01       		.uleb128 0x1
 834 0335 50       		.byte	0x50
 835 0336 01       		.uleb128 0x1
 836 0337 48       		.byte	0x48
 837 0338 0D       		.uleb128 0xd
 838 0339 01       		.uleb128 0x1
 839 033a 51       		.byte	0x51
 840 033b 02       		.uleb128 0x2
 841 033c 08       		.byte	0x8
 842 033d 20       		.byte	0x20
 843 033e 0D       		.uleb128 0xd
 844 033f 01       		.uleb128 0x1
 845 0340 52       		.byte	0x52
 846 0341 02       		.uleb128 0x2
 847 0342 08       		.byte	0x8
 848 0343 57       		.byte	0x57
 849 0344 00       		.byte	0
 850 0345 0C       		.uleb128 0xc
 851 0346 DE000000 		.4byte	.LVL32
 852 034a 89050000 		.4byte	0x589
 853 034e 64030000 		.4byte	0x364
 854 0352 0D       		.uleb128 0xd
 855 0353 01       		.uleb128 0x1
 856 0354 50       		.byte	0x50
 857 0355 01       		.uleb128 0x1
 858 0356 48       		.byte	0x48
 859 0357 0D       		.uleb128 0xd
 860 0358 01       		.uleb128 0x1
 861 0359 51       		.byte	0x51
 862 035a 02       		.uleb128 0x2
 863 035b 08       		.byte	0x8
 864 035c 20       		.byte	0x20
ARM GAS  C:\Users\User\AppData\Local\Temp\cc8g1T7X.s 			page 21


 865 035d 0D       		.uleb128 0xd
 866 035e 01       		.uleb128 0x1
 867 035f 52       		.byte	0x52
 868 0360 02       		.uleb128 0x2
 869 0361 74       		.byte	0x74
 870 0362 00       		.sleb128 0
 871 0363 00       		.byte	0
 872 0364 0C       		.uleb128 0xc
 873 0365 EE000000 		.4byte	.LVL34
 874 0369 52050000 		.4byte	0x552
 875 036d 81030000 		.4byte	0x381
 876 0371 0D       		.uleb128 0xd
 877 0372 01       		.uleb128 0x1
 878 0373 50       		.byte	0x50
 879 0374 02       		.uleb128 0x2
 880 0375 74       		.byte	0x74
 881 0376 00       		.sleb128 0
 882 0377 0D       		.uleb128 0xd
 883 0378 01       		.uleb128 0x1
 884 0379 51       		.byte	0x51
 885 037a 05       		.uleb128 0x5
 886 037b 03       		.byte	0x3
 887 037c 3C010000 		.4byte	.LC8
 888 0380 00       		.byte	0
 889 0381 0C       		.uleb128 0xc
 890 0382 F4000000 		.4byte	.LVL35
 891 0386 5D050000 		.4byte	0x55d
 892 038a 95030000 		.4byte	0x395
 893 038e 0D       		.uleb128 0xd
 894 038f 01       		.uleb128 0x1
 895 0390 50       		.byte	0x50
 896 0391 02       		.uleb128 0x2
 897 0392 74       		.byte	0x74
 898 0393 00       		.sleb128 0
 899 0394 00       		.byte	0
 900 0395 0C       		.uleb128 0xc
 901 0396 FC000000 		.4byte	.LVL38
 902 039a 5D050000 		.4byte	0x55d
 903 039e AC030000 		.4byte	0x3ac
 904 03a2 0D       		.uleb128 0xd
 905 03a3 01       		.uleb128 0x1
 906 03a4 50       		.byte	0x50
 907 03a5 05       		.uleb128 0x5
 908 03a6 03       		.byte	0x3
 909 03a7 70010000 		.4byte	.LC9
 910 03ab 00       		.byte	0
 911 03ac 0C       		.uleb128 0xc
 912 03ad 06010000 		.4byte	.LVL39
 913 03b1 89050000 		.4byte	0x589
 914 03b5 CB030000 		.4byte	0x3cb
 915 03b9 0D       		.uleb128 0xd
 916 03ba 01       		.uleb128 0x1
 917 03bb 50       		.byte	0x50
 918 03bc 01       		.uleb128 0x1
 919 03bd 48       		.byte	0x48
 920 03be 0D       		.uleb128 0xd
 921 03bf 01       		.uleb128 0x1
ARM GAS  C:\Users\User\AppData\Local\Temp\cc8g1T7X.s 			page 22


 922 03c0 51       		.byte	0x51
 923 03c1 02       		.uleb128 0x2
 924 03c2 08       		.byte	0x8
 925 03c3 23       		.byte	0x23
 926 03c4 0D       		.uleb128 0xd
 927 03c5 01       		.uleb128 0x1
 928 03c6 52       		.byte	0x52
 929 03c7 02       		.uleb128 0x2
 930 03c8 91       		.byte	0x91
 931 03c9 6C       		.sleb128 -20
 932 03ca 00       		.byte	0
 933 03cb 0C       		.uleb128 0xc
 934 03cc 16010000 		.4byte	.LVL41
 935 03d0 52050000 		.4byte	0x552
 936 03d4 E8030000 		.4byte	0x3e8
 937 03d8 0D       		.uleb128 0xd
 938 03d9 01       		.uleb128 0x1
 939 03da 50       		.byte	0x50
 940 03db 02       		.uleb128 0x2
 941 03dc 74       		.byte	0x74
 942 03dd 00       		.sleb128 0
 943 03de 0D       		.uleb128 0xd
 944 03df 01       		.uleb128 0x1
 945 03e0 51       		.byte	0x51
 946 03e1 05       		.uleb128 0x5
 947 03e2 03       		.byte	0x3
 948 03e3 AC010000 		.4byte	.LC10
 949 03e7 00       		.byte	0
 950 03e8 0C       		.uleb128 0xc
 951 03e9 1C010000 		.4byte	.LVL42
 952 03ed 5D050000 		.4byte	0x55d
 953 03f1 FC030000 		.4byte	0x3fc
 954 03f5 0D       		.uleb128 0xd
 955 03f6 01       		.uleb128 0x1
 956 03f7 50       		.byte	0x50
 957 03f8 02       		.uleb128 0x2
 958 03f9 74       		.byte	0x74
 959 03fa 00       		.sleb128 0
 960 03fb 00       		.byte	0
 961 03fc 0C       		.uleb128 0xc
 962 03fd 24010000 		.4byte	.LVL45
 963 0401 5D050000 		.4byte	0x55d
 964 0405 13040000 		.4byte	0x413
 965 0409 0D       		.uleb128 0xd
 966 040a 01       		.uleb128 0x1
 967 040b 50       		.byte	0x50
 968 040c 05       		.uleb128 0x5
 969 040d 03       		.byte	0x3
 970 040e CC010000 		.4byte	.LC11
 971 0412 00       		.byte	0
 972 0413 0C       		.uleb128 0xc
 973 0414 30010000 		.4byte	.LVL46
 974 0418 5D050000 		.4byte	0x55d
 975 041c 2A040000 		.4byte	0x42a
 976 0420 0D       		.uleb128 0xd
 977 0421 01       		.uleb128 0x1
 978 0422 50       		.byte	0x50
ARM GAS  C:\Users\User\AppData\Local\Temp\cc8g1T7X.s 			page 23


 979 0423 05       		.uleb128 0x5
 980 0424 03       		.byte	0x3
 981 0425 20010000 		.4byte	.LC7
 982 0429 00       		.byte	0
 983 042a 0C       		.uleb128 0xc
 984 042b 40010000 		.4byte	.LVL47
 985 042f 94050000 		.4byte	0x594
 986 0433 48040000 		.4byte	0x448
 987 0437 0D       		.uleb128 0xd
 988 0438 01       		.uleb128 0x1
 989 0439 50       		.byte	0x50
 990 043a 01       		.uleb128 0x1
 991 043b 48       		.byte	0x48
 992 043c 0D       		.uleb128 0xd
 993 043d 01       		.uleb128 0x1
 994 043e 51       		.byte	0x51
 995 043f 02       		.uleb128 0x2
 996 0440 08       		.byte	0x8
 997 0441 23       		.byte	0x23
 998 0442 0D       		.uleb128 0xd
 999 0443 01       		.uleb128 0x1
 1000 0444 52       		.byte	0x52
 1001 0445 01       		.uleb128 0x1
 1002 0446 30       		.byte	0x30
 1003 0447 00       		.byte	0
 1004 0448 0C       		.uleb128 0xc
 1005 0449 4A010000 		.4byte	.LVL48
 1006 044d 89050000 		.4byte	0x589
 1007 0451 67040000 		.4byte	0x467
 1008 0455 0D       		.uleb128 0xd
 1009 0456 01       		.uleb128 0x1
 1010 0457 50       		.byte	0x50
 1011 0458 01       		.uleb128 0x1
 1012 0459 48       		.byte	0x48
 1013 045a 0D       		.uleb128 0xd
 1014 045b 01       		.uleb128 0x1
 1015 045c 51       		.byte	0x51
 1016 045d 02       		.uleb128 0x2
 1017 045e 08       		.byte	0x8
 1018 045f 23       		.byte	0x23
 1019 0460 0D       		.uleb128 0xd
 1020 0461 01       		.uleb128 0x1
 1021 0462 52       		.byte	0x52
 1022 0463 02       		.uleb128 0x2
 1023 0464 74       		.byte	0x74
 1024 0465 00       		.sleb128 0
 1025 0466 00       		.byte	0
 1026 0467 0C       		.uleb128 0xc
 1027 0468 5A010000 		.4byte	.LVL50
 1028 046c 52050000 		.4byte	0x552
 1029 0470 84040000 		.4byte	0x484
 1030 0474 0D       		.uleb128 0xd
 1031 0475 01       		.uleb128 0x1
 1032 0476 50       		.byte	0x50
 1033 0477 02       		.uleb128 0x2
 1034 0478 74       		.byte	0x74
 1035 0479 00       		.sleb128 0
ARM GAS  C:\Users\User\AppData\Local\Temp\cc8g1T7X.s 			page 24


 1036 047a 0D       		.uleb128 0xd
 1037 047b 01       		.uleb128 0x1
 1038 047c 51       		.byte	0x51
 1039 047d 05       		.uleb128 0x5
 1040 047e 03       		.byte	0x3
 1041 047f 08020000 		.4byte	.LC12
 1042 0483 00       		.byte	0
 1043 0484 0C       		.uleb128 0xc
 1044 0485 60010000 		.4byte	.LVL51
 1045 0489 5D050000 		.4byte	0x55d
 1046 048d 98040000 		.4byte	0x498
 1047 0491 0D       		.uleb128 0xd
 1048 0492 01       		.uleb128 0x1
 1049 0493 50       		.byte	0x50
 1050 0494 02       		.uleb128 0x2
 1051 0495 74       		.byte	0x74
 1052 0496 00       		.sleb128 0
 1053 0497 00       		.byte	0
 1054 0498 0C       		.uleb128 0xc
 1055 0499 68010000 		.4byte	.LVL54
 1056 049d 5D050000 		.4byte	0x55d
 1057 04a1 AF040000 		.4byte	0x4af
 1058 04a5 0D       		.uleb128 0xd
 1059 04a6 01       		.uleb128 0x1
 1060 04a7 50       		.byte	0x50
 1061 04a8 05       		.uleb128 0x5
 1062 04a9 03       		.byte	0x3
 1063 04aa CC010000 		.4byte	.LC11
 1064 04ae 00       		.byte	0
 1065 04af 0F       		.uleb128 0xf
 1066 04b0 76010000 		.4byte	.LVL55
 1067 04b4 9F050000 		.4byte	0x59f
 1068 04b8 0F       		.uleb128 0xf
 1069 04b9 7C010000 		.4byte	.LVL56
 1070 04bd AA050000 		.4byte	0x5aa
 1071 04c1 00       		.byte	0
 1072 04c2 10       		.uleb128 0x10
 1073 04c3 A8010000 		.4byte	.LASF28
 1074 04c7 05       		.byte	0x5
 1075 04c8 1207     		.2byte	0x712
 1076 04ca CE040000 		.4byte	0x4ce
 1077 04ce 11       		.uleb128 0x11
 1078 04cf A2000000 		.4byte	0xa2
 1079 04d3 12       		.uleb128 0x12
 1080 04d4 BB000000 		.4byte	0xbb
 1081 04d8 E3040000 		.4byte	0x4e3
 1082 04dc 13       		.uleb128 0x13
 1083 04dd ED000000 		.4byte	0xed
 1084 04e1 31       		.byte	0x31
 1085 04e2 00       		.byte	0
 1086 04e3 14       		.uleb128 0x14
 1087 04e4 00000000 		.4byte	.LASF29
 1088 04e8 06       		.byte	0x6
 1089 04e9 1A       		.byte	0x1a
 1090 04ea D3040000 		.4byte	0x4d3
 1091 04ee 05       		.uleb128 0x5
 1092 04ef 03       		.byte	0x3
ARM GAS  C:\Users\User\AppData\Local\Temp\cc8g1T7X.s 			page 25


 1093 04f0 00000000 		.4byte	message
 1094 04f4 12       		.uleb128 0x12
 1095 04f5 8C000000 		.4byte	0x8c
 1096 04f9 04050000 		.4byte	0x504
 1097 04fd 13       		.uleb128 0x13
 1098 04fe ED000000 		.4byte	0xed
 1099 0502 05       		.byte	0x5
 1100 0503 00       		.byte	0
 1101 0504 14       		.uleb128 0x14
 1102 0505 E5020000 		.4byte	.LASF30
 1103 0509 06       		.byte	0x6
 1104 050a 1B       		.byte	0x1b
 1105 050b F4040000 		.4byte	0x4f4
 1106 050f 05       		.uleb128 0x5
 1107 0510 03       		.byte	0x3
 1108 0511 00000000 		.4byte	AxisData
 1109 0515 12       		.uleb128 0x12
 1110 0516 8C000000 		.4byte	0x8c
 1111 051a 25050000 		.4byte	0x525
 1112 051e 13       		.uleb128 0x13
 1113 051f ED000000 		.4byte	0xed
 1114 0523 07       		.byte	0x7
 1115 0524 00       		.byte	0
 1116 0525 14       		.uleb128 0x14
 1117 0526 C2020000 		.4byte	.LASF31
 1118 052a 06       		.byte	0x6
 1119 052b 1C       		.byte	0x1c
 1120 052c 15050000 		.4byte	0x515
 1121 0530 05       		.uleb128 0x5
 1122 0531 03       		.byte	0x3
 1123 0532 00000000 		.4byte	DataBuffer
 1124 0536 14       		.uleb128 0x14
 1125 0537 1C000000 		.4byte	.LASF32
 1126 053b 06       		.byte	0x6
 1127 053c 1D       		.byte	0x1d
 1128 053d 97000000 		.4byte	0x97
 1129 0541 05       		.uleb128 0x5
 1130 0542 03       		.byte	0x3
 1131 0543 00000000 		.4byte	OutAxis
 1132 0547 15       		.uleb128 0x15
 1133 0548 24000000 		.4byte	.LASF33
 1134 054c 24000000 		.4byte	.LASF33
 1135 0550 07       		.byte	0x7
 1136 0551 5D       		.byte	0x5d
 1137 0552 15       		.uleb128 0x15
 1138 0553 FB020000 		.4byte	.LASF34
 1139 0557 FB020000 		.4byte	.LASF34
 1140 055b 08       		.byte	0x8
 1141 055c E7       		.byte	0xe7
 1142 055d 15       		.uleb128 0x15
 1143 055e BC010000 		.4byte	.LASF35
 1144 0562 BC010000 		.4byte	.LASF35
 1145 0566 09       		.byte	0x9
 1146 0567 8B       		.byte	0x8b
 1147 0568 15       		.uleb128 0x15
 1148 0569 0B030000 		.4byte	.LASF36
 1149 056d 0B030000 		.4byte	.LASF36
ARM GAS  C:\Users\User\AppData\Local\Temp\cc8g1T7X.s 			page 26


 1150 0571 07       		.byte	0x7
 1151 0572 17       		.byte	0x17
 1152 0573 15       		.uleb128 0x15
 1153 0574 70020000 		.4byte	.LASF37
 1154 0578 70020000 		.4byte	.LASF37
 1155 057c 09       		.byte	0x9
 1156 057d 54       		.byte	0x54
 1157 057e 15       		.uleb128 0x15
 1158 057f 03030000 		.4byte	.LASF38
 1159 0583 03030000 		.4byte	.LASF38
 1160 0587 0A       		.byte	0xa
 1161 0588 76       		.byte	0x76
 1162 0589 15       		.uleb128 0x15
 1163 058a 8D020000 		.4byte	.LASF39
 1164 058e 8D020000 		.4byte	.LASF39
 1165 0592 07       		.byte	0x7
 1166 0593 28       		.byte	0x28
 1167 0594 15       		.uleb128 0x15
 1168 0595 D1010000 		.4byte	.LASF40
 1169 0599 D1010000 		.4byte	.LASF40
 1170 059d 07       		.byte	0x7
 1171 059e 43       		.byte	0x43
 1172 059f 15       		.uleb128 0x15
 1173 05a0 3F010000 		.4byte	.LASF41
 1174 05a4 3F010000 		.4byte	.LASF41
 1175 05a8 0B       		.byte	0xb
 1176 05a9 5A       		.byte	0x5a
 1177 05aa 15       		.uleb128 0x15
 1178 05ab 16010000 		.4byte	.LASF42
 1179 05af 16010000 		.4byte	.LASF42
 1180 05b3 0C       		.byte	0xc
 1181 05b4 18       		.byte	0x18
 1182 05b5 00       		.byte	0
 1183              		.section	.debug_abbrev,"",%progbits
 1184              	.Ldebug_abbrev0:
 1185 0000 01       		.uleb128 0x1
 1186 0001 11       		.uleb128 0x11
 1187 0002 01       		.byte	0x1
 1188 0003 25       		.uleb128 0x25
 1189 0004 0E       		.uleb128 0xe
 1190 0005 13       		.uleb128 0x13
 1191 0006 0B       		.uleb128 0xb
 1192 0007 03       		.uleb128 0x3
 1193 0008 0E       		.uleb128 0xe
 1194 0009 1B       		.uleb128 0x1b
 1195 000a 0E       		.uleb128 0xe
 1196 000b 55       		.uleb128 0x55
 1197 000c 17       		.uleb128 0x17
 1198 000d 11       		.uleb128 0x11
 1199 000e 01       		.uleb128 0x1
 1200 000f 10       		.uleb128 0x10
 1201 0010 17       		.uleb128 0x17
 1202 0011 00       		.byte	0
 1203 0012 00       		.byte	0
 1204 0013 02       		.uleb128 0x2
 1205 0014 24       		.uleb128 0x24
 1206 0015 00       		.byte	0
ARM GAS  C:\Users\User\AppData\Local\Temp\cc8g1T7X.s 			page 27


 1207 0016 0B       		.uleb128 0xb
 1208 0017 0B       		.uleb128 0xb
 1209 0018 3E       		.uleb128 0x3e
 1210 0019 0B       		.uleb128 0xb
 1211 001a 03       		.uleb128 0x3
 1212 001b 0E       		.uleb128 0xe
 1213 001c 00       		.byte	0
 1214 001d 00       		.byte	0
 1215 001e 03       		.uleb128 0x3
 1216 001f 16       		.uleb128 0x16
 1217 0020 00       		.byte	0
 1218 0021 03       		.uleb128 0x3
 1219 0022 0E       		.uleb128 0xe
 1220 0023 3A       		.uleb128 0x3a
 1221 0024 0B       		.uleb128 0xb
 1222 0025 3B       		.uleb128 0x3b
 1223 0026 0B       		.uleb128 0xb
 1224 0027 49       		.uleb128 0x49
 1225 0028 13       		.uleb128 0x13
 1226 0029 00       		.byte	0
 1227 002a 00       		.byte	0
 1228 002b 04       		.uleb128 0x4
 1229 002c 24       		.uleb128 0x24
 1230 002d 00       		.byte	0
 1231 002e 0B       		.uleb128 0xb
 1232 002f 0B       		.uleb128 0xb
 1233 0030 3E       		.uleb128 0x3e
 1234 0031 0B       		.uleb128 0xb
 1235 0032 03       		.uleb128 0x3
 1236 0033 08       		.uleb128 0x8
 1237 0034 00       		.byte	0
 1238 0035 00       		.byte	0
 1239 0036 05       		.uleb128 0x5
 1240 0037 04       		.uleb128 0x4
 1241 0038 01       		.byte	0x1
 1242 0039 0B       		.uleb128 0xb
 1243 003a 0B       		.uleb128 0xb
 1244 003b 49       		.uleb128 0x49
 1245 003c 13       		.uleb128 0x13
 1246 003d 3A       		.uleb128 0x3a
 1247 003e 0B       		.uleb128 0xb
 1248 003f 3B       		.uleb128 0x3b
 1249 0040 0B       		.uleb128 0xb
 1250 0041 01       		.uleb128 0x1
 1251 0042 13       		.uleb128 0x13
 1252 0043 00       		.byte	0
 1253 0044 00       		.byte	0
 1254 0045 06       		.uleb128 0x6
 1255 0046 28       		.uleb128 0x28
 1256 0047 00       		.byte	0
 1257 0048 03       		.uleb128 0x3
 1258 0049 0E       		.uleb128 0xe
 1259 004a 1C       		.uleb128 0x1c
 1260 004b 0B       		.uleb128 0xb
 1261 004c 00       		.byte	0
 1262 004d 00       		.byte	0
 1263 004e 07       		.uleb128 0x7
ARM GAS  C:\Users\User\AppData\Local\Temp\cc8g1T7X.s 			page 28


 1264 004f 2E       		.uleb128 0x2e
 1265 0050 01       		.byte	0x1
 1266 0051 3F       		.uleb128 0x3f
 1267 0052 19       		.uleb128 0x19
 1268 0053 03       		.uleb128 0x3
 1269 0054 0E       		.uleb128 0xe
 1270 0055 3A       		.uleb128 0x3a
 1271 0056 0B       		.uleb128 0xb
 1272 0057 3B       		.uleb128 0x3b
 1273 0058 0B       		.uleb128 0xb
 1274 0059 27       		.uleb128 0x27
 1275 005a 19       		.uleb128 0x19
 1276 005b 49       		.uleb128 0x49
 1277 005c 13       		.uleb128 0x13
 1278 005d 8701     		.uleb128 0x87
 1279 005f 19       		.uleb128 0x19
 1280 0060 11       		.uleb128 0x11
 1281 0061 01       		.uleb128 0x1
 1282 0062 12       		.uleb128 0x12
 1283 0063 06       		.uleb128 0x6
 1284 0064 40       		.uleb128 0x40
 1285 0065 18       		.uleb128 0x18
 1286 0066 9742     		.uleb128 0x2117
 1287 0068 19       		.uleb128 0x19
 1288 0069 01       		.uleb128 0x1
 1289 006a 13       		.uleb128 0x13
 1290 006b 00       		.byte	0
 1291 006c 00       		.byte	0
 1292 006d 08       		.uleb128 0x8
 1293 006e 34       		.uleb128 0x34
 1294 006f 00       		.byte	0
 1295 0070 03       		.uleb128 0x3
 1296 0071 0E       		.uleb128 0xe
 1297 0072 3A       		.uleb128 0x3a
 1298 0073 0B       		.uleb128 0xb
 1299 0074 3B       		.uleb128 0x3b
 1300 0075 0B       		.uleb128 0xb
 1301 0076 49       		.uleb128 0x49
 1302 0077 13       		.uleb128 0x13
 1303 0078 02       		.uleb128 0x2
 1304 0079 18       		.uleb128 0x18
 1305 007a 00       		.byte	0
 1306 007b 00       		.byte	0
 1307 007c 09       		.uleb128 0x9
 1308 007d 34       		.uleb128 0x34
 1309 007e 00       		.byte	0
 1310 007f 03       		.uleb128 0x3
 1311 0080 0E       		.uleb128 0xe
 1312 0081 3A       		.uleb128 0x3a
 1313 0082 0B       		.uleb128 0xb
 1314 0083 3B       		.uleb128 0x3b
 1315 0084 0B       		.uleb128 0xb
 1316 0085 49       		.uleb128 0x49
 1317 0086 13       		.uleb128 0x13
 1318 0087 02       		.uleb128 0x2
 1319 0088 17       		.uleb128 0x17
 1320 0089 00       		.byte	0
ARM GAS  C:\Users\User\AppData\Local\Temp\cc8g1T7X.s 			page 29


 1321 008a 00       		.byte	0
 1322 008b 0A       		.uleb128 0xa
 1323 008c 0B       		.uleb128 0xb
 1324 008d 01       		.byte	0x1
 1325 008e 11       		.uleb128 0x11
 1326 008f 01       		.uleb128 0x1
 1327 0090 12       		.uleb128 0x12
 1328 0091 06       		.uleb128 0x6
 1329 0092 01       		.uleb128 0x1
 1330 0093 13       		.uleb128 0x13
 1331 0094 00       		.byte	0
 1332 0095 00       		.byte	0
 1333 0096 0B       		.uleb128 0xb
 1334 0097 34       		.uleb128 0x34
 1335 0098 00       		.byte	0
 1336 0099 03       		.uleb128 0x3
 1337 009a 08       		.uleb128 0x8
 1338 009b 3A       		.uleb128 0x3a
 1339 009c 0B       		.uleb128 0xb
 1340 009d 3B       		.uleb128 0x3b
 1341 009e 0B       		.uleb128 0xb
 1342 009f 49       		.uleb128 0x49
 1343 00a0 13       		.uleb128 0x13
 1344 00a1 02       		.uleb128 0x2
 1345 00a2 17       		.uleb128 0x17
 1346 00a3 00       		.byte	0
 1347 00a4 00       		.byte	0
 1348 00a5 0C       		.uleb128 0xc
 1349 00a6 898201   		.uleb128 0x4109
 1350 00a9 01       		.byte	0x1
 1351 00aa 11       		.uleb128 0x11
 1352 00ab 01       		.uleb128 0x1
 1353 00ac 31       		.uleb128 0x31
 1354 00ad 13       		.uleb128 0x13
 1355 00ae 01       		.uleb128 0x1
 1356 00af 13       		.uleb128 0x13
 1357 00b0 00       		.byte	0
 1358 00b1 00       		.byte	0
 1359 00b2 0D       		.uleb128 0xd
 1360 00b3 8A8201   		.uleb128 0x410a
 1361 00b6 00       		.byte	0
 1362 00b7 02       		.uleb128 0x2
 1363 00b8 18       		.uleb128 0x18
 1364 00b9 9142     		.uleb128 0x2111
 1365 00bb 18       		.uleb128 0x18
 1366 00bc 00       		.byte	0
 1367 00bd 00       		.byte	0
 1368 00be 0E       		.uleb128 0xe
 1369 00bf 898201   		.uleb128 0x4109
 1370 00c2 01       		.byte	0x1
 1371 00c3 11       		.uleb128 0x11
 1372 00c4 01       		.uleb128 0x1
 1373 00c5 31       		.uleb128 0x31
 1374 00c6 13       		.uleb128 0x13
 1375 00c7 00       		.byte	0
 1376 00c8 00       		.byte	0
 1377 00c9 0F       		.uleb128 0xf
ARM GAS  C:\Users\User\AppData\Local\Temp\cc8g1T7X.s 			page 30


 1378 00ca 898201   		.uleb128 0x4109
 1379 00cd 00       		.byte	0
 1380 00ce 11       		.uleb128 0x11
 1381 00cf 01       		.uleb128 0x1
 1382 00d0 31       		.uleb128 0x31
 1383 00d1 13       		.uleb128 0x13
 1384 00d2 00       		.byte	0
 1385 00d3 00       		.byte	0
 1386 00d4 10       		.uleb128 0x10
 1387 00d5 34       		.uleb128 0x34
 1388 00d6 00       		.byte	0
 1389 00d7 03       		.uleb128 0x3
 1390 00d8 0E       		.uleb128 0xe
 1391 00d9 3A       		.uleb128 0x3a
 1392 00da 0B       		.uleb128 0xb
 1393 00db 3B       		.uleb128 0x3b
 1394 00dc 05       		.uleb128 0x5
 1395 00dd 49       		.uleb128 0x49
 1396 00de 13       		.uleb128 0x13
 1397 00df 3F       		.uleb128 0x3f
 1398 00e0 19       		.uleb128 0x19
 1399 00e1 3C       		.uleb128 0x3c
 1400 00e2 19       		.uleb128 0x19
 1401 00e3 00       		.byte	0
 1402 00e4 00       		.byte	0
 1403 00e5 11       		.uleb128 0x11
 1404 00e6 35       		.uleb128 0x35
 1405 00e7 00       		.byte	0
 1406 00e8 49       		.uleb128 0x49
 1407 00e9 13       		.uleb128 0x13
 1408 00ea 00       		.byte	0
 1409 00eb 00       		.byte	0
 1410 00ec 12       		.uleb128 0x12
 1411 00ed 01       		.uleb128 0x1
 1412 00ee 01       		.byte	0x1
 1413 00ef 49       		.uleb128 0x49
 1414 00f0 13       		.uleb128 0x13
 1415 00f1 01       		.uleb128 0x1
 1416 00f2 13       		.uleb128 0x13
 1417 00f3 00       		.byte	0
 1418 00f4 00       		.byte	0
 1419 00f5 13       		.uleb128 0x13
 1420 00f6 21       		.uleb128 0x21
 1421 00f7 00       		.byte	0
 1422 00f8 49       		.uleb128 0x49
 1423 00f9 13       		.uleb128 0x13
 1424 00fa 2F       		.uleb128 0x2f
 1425 00fb 0B       		.uleb128 0xb
 1426 00fc 00       		.byte	0
 1427 00fd 00       		.byte	0
 1428 00fe 14       		.uleb128 0x14
 1429 00ff 34       		.uleb128 0x34
 1430 0100 00       		.byte	0
 1431 0101 03       		.uleb128 0x3
 1432 0102 0E       		.uleb128 0xe
 1433 0103 3A       		.uleb128 0x3a
 1434 0104 0B       		.uleb128 0xb
ARM GAS  C:\Users\User\AppData\Local\Temp\cc8g1T7X.s 			page 31


 1435 0105 3B       		.uleb128 0x3b
 1436 0106 0B       		.uleb128 0xb
 1437 0107 49       		.uleb128 0x49
 1438 0108 13       		.uleb128 0x13
 1439 0109 3F       		.uleb128 0x3f
 1440 010a 19       		.uleb128 0x19
 1441 010b 02       		.uleb128 0x2
 1442 010c 18       		.uleb128 0x18
 1443 010d 00       		.byte	0
 1444 010e 00       		.byte	0
 1445 010f 15       		.uleb128 0x15
 1446 0110 2E       		.uleb128 0x2e
 1447 0111 00       		.byte	0
 1448 0112 3F       		.uleb128 0x3f
 1449 0113 19       		.uleb128 0x19
 1450 0114 3C       		.uleb128 0x3c
 1451 0115 19       		.uleb128 0x19
 1452 0116 6E       		.uleb128 0x6e
 1453 0117 0E       		.uleb128 0xe
 1454 0118 03       		.uleb128 0x3
 1455 0119 0E       		.uleb128 0xe
 1456 011a 3A       		.uleb128 0x3a
 1457 011b 0B       		.uleb128 0xb
 1458 011c 3B       		.uleb128 0x3b
 1459 011d 0B       		.uleb128 0xb
 1460 011e 00       		.byte	0
 1461 011f 00       		.byte	0
 1462 0120 00       		.byte	0
 1463              		.section	.debug_loc,"",%progbits
 1464              	.Ldebug_loc0:
 1465              	.LLST0:
 1466 0000 44000000 		.4byte	.LVL8
 1467 0004 50000000 		.4byte	.LVL10
 1468 0008 0100     		.2byte	0x1
 1469 000a 50       		.byte	0x50
 1470 000b 5C000000 		.4byte	.LVL13
 1471 000f 5E000000 		.4byte	.LVL14
 1472 0013 0100     		.2byte	0x1
 1473 0015 50       		.byte	0x50
 1474 0016 6E000000 		.4byte	.LVL16
 1475 001a 7A000000 		.4byte	.LVL17
 1476 001e 0100     		.2byte	0x1
 1477 0020 50       		.byte	0x50
 1478 0021 86000000 		.4byte	.LVL20
 1479 0025 88000000 		.4byte	.LVL21
 1480 0029 0100     		.2byte	0x1
 1481 002b 50       		.byte	0x50
 1482 002c 98000000 		.4byte	.LVL23
 1483 0030 A4000000 		.4byte	.LVL24
 1484 0034 0100     		.2byte	0x1
 1485 0036 50       		.byte	0x50
 1486 0037 B0000000 		.4byte	.LVL27
 1487 003b B2000000 		.4byte	.LVL28
 1488 003f 0100     		.2byte	0x1
 1489 0041 50       		.byte	0x50
 1490 0042 DE000000 		.4byte	.LVL32
 1491 0046 EA000000 		.4byte	.LVL33
ARM GAS  C:\Users\User\AppData\Local\Temp\cc8g1T7X.s 			page 32


 1492 004a 0100     		.2byte	0x1
 1493 004c 50       		.byte	0x50
 1494 004d F6000000 		.4byte	.LVL36
 1495 0051 F8000000 		.4byte	.LVL37
 1496 0055 0100     		.2byte	0x1
 1497 0057 50       		.byte	0x50
 1498 0058 06010000 		.4byte	.LVL39
 1499 005c 12010000 		.4byte	.LVL40
 1500 0060 0100     		.2byte	0x1
 1501 0062 50       		.byte	0x50
 1502 0063 1E010000 		.4byte	.LVL43
 1503 0067 20010000 		.4byte	.LVL44
 1504 006b 0100     		.2byte	0x1
 1505 006d 50       		.byte	0x50
 1506 006e 4A010000 		.4byte	.LVL48
 1507 0072 56010000 		.4byte	.LVL49
 1508 0076 0100     		.2byte	0x1
 1509 0078 50       		.byte	0x50
 1510 0079 62010000 		.4byte	.LVL52
 1511 007d 64010000 		.4byte	.LVL53
 1512 0081 0100     		.2byte	0x1
 1513 0083 50       		.byte	0x50
 1514 0084 00000000 		.4byte	0
 1515 0088 00000000 		.4byte	0
 1516              	.LLST1:
 1517 008c 14000000 		.4byte	.LVL2
 1518 0090 18000000 		.4byte	.LVL3
 1519 0094 0200     		.2byte	0x2
 1520 0096 30       		.byte	0x30
 1521 0097 9F       		.byte	0x9f
 1522 0098 18000000 		.4byte	.LVL3
 1523 009c 48000000 		.4byte	.LVL9
 1524 00a0 0100     		.2byte	0x1
 1525 00a2 54       		.byte	0x54
 1526 00a3 5C000000 		.4byte	.LVL13
 1527 00a7 62000000 		.4byte	.LVL15
 1528 00ab 0100     		.2byte	0x1
 1529 00ad 54       		.byte	0x54
 1530 00ae 00000000 		.4byte	0
 1531 00b2 00000000 		.4byte	0
 1532              		.section	.debug_aranges,"",%progbits
 1533 0000 1C000000 		.4byte	0x1c
 1534 0004 0200     		.2byte	0x2
 1535 0006 00000000 		.4byte	.Ldebug_info0
 1536 000a 04       		.byte	0x4
 1537 000b 00       		.byte	0
 1538 000c 0000     		.2byte	0
 1539 000e 0000     		.2byte	0
 1540 0010 00000000 		.4byte	.LFB64
 1541 0014 C0010000 		.4byte	.LFE64-.LFB64
 1542 0018 00000000 		.4byte	0
 1543 001c 00000000 		.4byte	0
 1544              		.section	.debug_ranges,"",%progbits
 1545              	.Ldebug_ranges0:
 1546 0000 00000000 		.4byte	.LFB64
 1547 0004 C0010000 		.4byte	.LFE64
 1548 0008 00000000 		.4byte	0
ARM GAS  C:\Users\User\AppData\Local\Temp\cc8g1T7X.s 			page 33


 1549 000c 00000000 		.4byte	0
 1550              		.section	.debug_line,"",%progbits
 1551              	.Ldebug_line0:
 1552 0000 88020000 		.section	.debug_str,"MS",%progbits,1
 1552      02002F02 
 1552      00000201 
 1552      FB0E0D00 
 1552      01010101 
 1553              	.LASF29:
 1554 0000 6D657373 		.ascii	"message\000"
 1554      61676500 
 1555              	.LASF2:
 1556 0008 5F5F7569 		.ascii	"__uint8_t\000"
 1556      6E74385F 
 1556      7400
 1557              	.LASF3:
 1558 0012 5F5F696E 		.ascii	"__int16_t\000"
 1558      7431365F 
 1558      7400
 1559              	.LASF32:
 1560 001c 4F757441 		.ascii	"OutAxis\000"
 1560      78697300 
 1561              	.LASF33:
 1562 0024 4932435F 		.ascii	"I2C_Peripheral_IsDeviceConnected\000"
 1562      50657269 
 1562      70686572 
 1562      616C5F49 
 1562      73446576 
 1563              	.LASF6:
 1564 0045 5F5F696E 		.ascii	"__int32_t\000"
 1564      7433325F 
 1564      7400
 1565              	.LASF7:
 1566 004f 6C6F6E67 		.ascii	"long int\000"
 1566      20696E74 
 1566      00
 1567              	.LASF20:
 1568 0058 4572726F 		.ascii	"ErrorCode\000"
 1568      72436F64 
 1568      6500
 1569              	.LASF15:
 1570 0062 666C6F61 		.ascii	"float\000"
 1570      7400
 1571              	.LASF1:
 1572 0068 756E7369 		.ascii	"unsigned char\000"
 1572      676E6564 
 1572      20636861 
 1572      7200
 1573              	.LASF43:
 1574 0076 474E5520 		.ascii	"GNU C11 5.4.1 20160609 (release) [ARM/embedded-5-br"
 1574      43313120 
 1574      352E342E 
 1574      31203230 
 1574      31363036 
 1575 00a9 616E6368 		.ascii	"anch revision 237715] -mcpu=cortex-m3 -mthumb -g -O"
 1575      20726576 
 1575      6973696F 
ARM GAS  C:\Users\User\AppData\Local\Temp\cc8g1T7X.s 			page 34


 1575      6E203233 
 1575      37373135 
 1576 00dc 67202D66 		.ascii	"g -ffunction-sections -ffat-lto-objects\000"
 1576      66756E63 
 1576      74696F6E 
 1576      2D736563 
 1576      74696F6E 
 1577              	.LASF8:
 1578 0104 6C6F6E67 		.ascii	"long unsigned int\000"
 1578      20756E73 
 1578      69676E65 
 1578      6420696E 
 1578      7400
 1579              	.LASF42:
 1580 0116 6973725F 		.ascii	"isr_MultiRead_StartEx\000"
 1580      4D756C74 
 1580      69526561 
 1580      645F5374 
 1580      61727445 
 1581              	.LASF5:
 1582 012c 73686F72 		.ascii	"short unsigned int\000"
 1582      7420756E 
 1582      7369676E 
 1582      65642069 
 1582      6E7400
 1583              	.LASF41:
 1584 013f 54696D65 		.ascii	"Timer_MultiRead_Start\000"
 1584      725F4D75 
 1584      6C746952 
 1584      6561645F 
 1584      53746172 
 1585              	.LASF45:
 1586 0155 433A5C55 		.ascii	"C:\\Users\\User\\Desktop\\AY1920_II_HW_05_FASANI_FE"
 1586      73657273 
 1586      5C557365 
 1586      725C4465 
 1586      736B746F 
 1587 0184 44455249 		.ascii	"DERICA\\AY1920_II_HW_05_PROJ_2.cydsn\000"
 1587      43415C41 
 1587      59313932 
 1587      305F4949 
 1587      5F48575F 
 1588              	.LASF28:
 1589 01a8 49544D5F 		.ascii	"ITM_RxBuffer\000"
 1589      52784275 
 1589      66666572 
 1589      00
 1590              	.LASF16:
 1591 01b5 646F7562 		.ascii	"double\000"
 1591      6C6500
 1592              	.LASF35:
 1593 01bc 55415254 		.ascii	"UART_Debug_PutString\000"
 1593      5F446562 
 1593      75675F50 
 1593      75745374 
 1593      72696E67 
 1594              	.LASF40:
ARM GAS  C:\Users\User\AppData\Local\Temp\cc8g1T7X.s 			page 35


 1595 01d1 4932435F 		.ascii	"I2C_Peripheral_WriteRegister\000"
 1595      50657269 
 1595      70686572 
 1595      616C5F57 
 1595      72697465 
 1596              	.LASF46:
 1597 01ee 6D61696E 		.ascii	"main\000"
 1597      00
 1598              	.LASF26:
 1599 01f3 6374726C 		.ascii	"ctrl_reg1\000"
 1599      5F726567 
 1599      3100
 1600              	.LASF27:
 1601 01fd 6374726C 		.ascii	"ctrl_reg4\000"
 1601      5F726567 
 1601      3400
 1602              	.LASF11:
 1603 0207 756E7369 		.ascii	"unsigned int\000"
 1603      676E6564 
 1603      20696E74 
 1603      00
 1604              	.LASF10:
 1605 0214 6C6F6E67 		.ascii	"long long unsigned int\000"
 1605      206C6F6E 
 1605      6720756E 
 1605      7369676E 
 1605      65642069 
 1606              	.LASF12:
 1607 022b 75696E74 		.ascii	"uint8_t\000"
 1607      385F7400 
 1608              	.LASF13:
 1609 0233 696E7431 		.ascii	"int16_t\000"
 1609      365F7400 
 1610              	.LASF25:
 1611 023b 73746174 		.ascii	"status_register\000"
 1611      75735F72 
 1611      65676973 
 1611      74657200 
 1612              	.LASF14:
 1613 024b 696E7433 		.ascii	"int32_t\000"
 1613      325F7400 
 1614              	.LASF22:
 1615 0253 73697A65 		.ascii	"sizetype\000"
 1615      74797065 
 1615      00
 1616              	.LASF24:
 1617 025c 6572726F 		.ascii	"error\000"
 1617      7200
 1618              	.LASF9:
 1619 0262 6C6F6E67 		.ascii	"long long int\000"
 1619      206C6F6E 
 1619      6720696E 
 1619      7400
 1620              	.LASF37:
 1621 0270 55415254 		.ascii	"UART_Debug_Start\000"
 1621      5F446562 
 1621      75675F53 
ARM GAS  C:\Users\User\AppData\Local\Temp\cc8g1T7X.s 			page 36


 1621      74617274 
 1621      00
 1622              	.LASF44:
 1623 0281 6D61696E 		.ascii	"main.c\000"
 1623      2E6300
 1624              	.LASF17:
 1625 0288 63686172 		.ascii	"char\000"
 1625      00
 1626              	.LASF39:
 1627 028d 4932435F 		.ascii	"I2C_Peripheral_ReadRegister\000"
 1627      50657269 
 1627      70686572 
 1627      616C5F52 
 1627      65616452 
 1628              	.LASF4:
 1629 02a9 73686F72 		.ascii	"short int\000"
 1629      7420696E 
 1629      7400
 1630              	.LASF18:
 1631 02b3 4E4F5F45 		.ascii	"NO_ERROR\000"
 1631      52524F52 
 1631      00
 1632              	.LASF19:
 1633 02bc 4552524F 		.ascii	"ERROR\000"
 1633      5200
 1634              	.LASF31:
 1635 02c2 44617461 		.ascii	"DataBuffer\000"
 1635      42756666 
 1635      657200
 1636              	.LASF21:
 1637 02cd 6C6F6E67 		.ascii	"long double\000"
 1637      20646F75 
 1637      626C6500 
 1638              	.LASF0:
 1639 02d9 7369676E 		.ascii	"signed char\000"
 1639      65642063 
 1639      68617200 
 1640              	.LASF30:
 1641 02e5 41786973 		.ascii	"AxisData\000"
 1641      44617461 
 1641      00
 1642              	.LASF23:
 1643 02ee 77686F5F 		.ascii	"who_am_i_reg\000"
 1643      616D5F69 
 1643      5F726567 
 1643      00
 1644              	.LASF34:
 1645 02fb 73707269 		.ascii	"sprintf\000"
 1645      6E746600 
 1646              	.LASF38:
 1647 0303 43794465 		.ascii	"CyDelay\000"
 1647      6C617900 
 1648              	.LASF36:
 1649 030b 4932435F 		.ascii	"I2C_Peripheral_Start\000"
 1649      50657269 
 1649      70686572 
 1649      616C5F53 
ARM GAS  C:\Users\User\AppData\Local\Temp\cc8g1T7X.s 			page 37


 1649      74617274 
 1650              		.ident	"GCC: (GNU Tools for ARM Embedded Processors) 5.4.1 20160609 (release) [ARM/embedded-5-bran
